This is XeTeX, Version 3.14159265-2.6-0.99999 (MiKTeX 2.9.6840 64-bit) (preloaded format=xelatex 2018.11.1)  15 NOV 2018 11:01
entering extended mode
**./Myreport.tex
(Myreport.tex
LaTeX2e <2018-04-01> patch level 5
(D:\Latex\MikTex\tex\latex\beamer\beamer.cls
Document Class: beamer 2018/09/20 v3.54 A class for typesetting presentations
(D:\Latex\MikTex\tex\latex\beamer\beamerbasemodes.sty
(D:\Latex\MikTex\tex\latex\etoolbox\etoolbox.sty
Package: etoolbox 2018/08/19 v2.5f e-TeX tools for LaTeX (JAW)
\etb@tempcnta=\count80
)
\beamer@tempbox=\box26
\beamer@tempcount=\count81
\c@beamerpauses=\count82

(D:\Latex\MikTex\tex\latex\beamer\beamerbasedecode.sty
\beamer@slideinframe=\count83
\beamer@minimum=\count84
)
\beamer@commentbox=\box27
\beamer@modecount=\count85
)
(D:\Latex\MikTex\tex\generic\oberdiek\ifpdf.sty
Package: ifpdf 2018/09/07 v3.3 Provides the ifpdf switch
)
\headdp=\dimen102
\footheight=\dimen103
\sidebarheight=\dimen104
\beamer@tempdim=\dimen105
\beamer@finalheight=\dimen106
\beamer@animht=\dimen107
\beamer@animdp=\dimen108
\beamer@animwd=\dimen109
\beamer@leftmargin=\dimen110
\beamer@rightmargin=\dimen111
\beamer@leftsidebar=\dimen112
\beamer@rightsidebar=\dimen113
\beamer@boxsize=\dimen114
\beamer@vboxoffset=\dimen115
\beamer@descdefault=\dimen116
\beamer@descriptionwidth=\dimen117
\beamer@lastskip=\skip41
\beamer@areabox=\box28
\beamer@animcurrent=\box29
\beamer@animshowbox=\box30
\beamer@sectionbox=\box31
\beamer@logobox=\box32
\beamer@linebox=\box33
\beamer@sectioncount=\count86
\beamer@subsubsectionmax=\count87
\beamer@subsectionmax=\count88
\beamer@sectionmax=\count89
\beamer@totalheads=\count90
\beamer@headcounter=\count91
\beamer@partstartpage=\count92
\beamer@sectionstartpage=\count93
\beamer@subsectionstartpage=\count94
\beamer@animationtempa=\count95
\beamer@animationtempb=\count96
\beamer@xpos=\count97
\beamer@ypos=\count98
\beamer@ypos@offset=\count99
\beamer@showpartnumber=\count100
\beamer@currentsubsection=\count101
\beamer@coveringdepth=\count102
\beamer@sectionadjust=\count103
\beamer@tocsectionnumber=\count104

(D:\Latex\MikTex\tex\latex\beamer\beamerbaseoptions.sty
(D:\Latex\MikTex\tex\latex\graphics\keyval.sty
Package: keyval 2014/10/28 v1.15 key=value parser (DPC)
\KV@toks@=\toks14
))
\beamer@paperwidth=\skip42
\beamer@paperheight=\skip43

(D:\Latex\MikTex\tex\latex\geometry\geometry.sty
Package: geometry 2018/04/16 v5.8 Page Geometry

(D:\Latex\MikTex\tex\generic\oberdiek\ifvtex.sty
Package: ifvtex 2016/05/16 v1.6 Detect VTeX and its facilities (HO)
Package ifvtex Info: VTeX not detected.
)
(D:\Latex\MikTex\tex\generic\ifxetex\ifxetex.sty
Package: ifxetex 2010/09/12 v0.6 Provides ifxetex conditional
)
\Gm@cnth=\count105
\Gm@cntv=\count106
\c@Gm@tempcnt=\count107
\Gm@bindingoffset=\dimen118
\Gm@wd@mp=\dimen119
\Gm@odd@mp=\dimen120
\Gm@even@mp=\dimen121
\Gm@layoutwidth=\dimen122
\Gm@layoutheight=\dimen123
\Gm@layouthoffset=\dimen124
\Gm@layoutvoffset=\dimen125
\Gm@dimlist=\toks15

(D:\Latex\MikTex\tex\xelatex\xetexconfig\geometry.cfg))
(D:\Latex\MikTex\tex\latex\base\size10.clo
File: size10.clo 2014/09/29 v1.4h Standard LaTeX file (size option)
)
(D:\Latex\MikTex\tex\latex\pgf\basiclayer\pgfcore.sty
(D:\Latex\MikTex\tex\latex\graphics\graphicx.sty
Package: graphicx 2017/06/01 v1.1a Enhanced LaTeX Graphics (DPC,SPQR)

(D:\Latex\MikTex\tex\latex\graphics\graphics.sty
Package: graphics 2017/06/25 v1.2c Standard LaTeX Graphics (DPC,SPQR)

(D:\Latex\MikTex\tex\latex\graphics\trig.sty
Package: trig 2016/01/03 v1.10 sin cos tan (DPC)
)
(D:\Latex\MikTex\tex\latex\graphics-cfg\graphics.cfg
File: graphics.cfg 2016/06/04 v1.11 sample graphics configuration
)
Package graphics Info: Driver file: xetex.def on input line 99.

(D:\Latex\MikTex\tex\latex\graphics-def\xetex.def
File: xetex.def 2017/06/24 v5.0h Graphics/color driver for xetex
))
\Gin@req@height=\dimen126
\Gin@req@width=\dimen127
)
(D:\Latex\MikTex\tex\latex\pgf\systemlayer\pgfsys.sty
(D:\Latex\MikTex\tex\latex\pgf\utilities\pgfrcs.sty
(D:\Latex\MikTex\tex\generic\pgf\utilities\pgfutil-common.tex
\pgfutil@everybye=\toks16
\pgfutil@tempdima=\dimen128
\pgfutil@tempdimb=\dimen129

(D:\Latex\MikTex\tex\generic\pgf\utilities\pgfutil-common-lists.tex))
(D:\Latex\MikTex\tex\generic\pgf\utilities\pgfutil-latex.def
\pgfutil@abb=\box34

(D:\Latex\MikTex\tex\latex\ms\everyshi.sty
Package: everyshi 2001/05/15 v3.00 EveryShipout Package (MS)
))
(D:\Latex\MikTex\tex\generic\pgf\utilities\pgfrcs.code.tex
Package: pgfrcs 2015/08/07 v3.0.1a (rcs-revision 1.31)
))
(D:\Latex\MikTex\tex\generic\pgf\systemlayer\pgfsys.code.tex
Package: pgfsys 2014/07/09 v3.0.1a (rcs-revision 1.48)

(D:\Latex\MikTex\tex\generic\pgf\utilities\pgfkeys.code.tex
\pgfkeys@pathtoks=\toks17
\pgfkeys@temptoks=\toks18

(D:\Latex\MikTex\tex\generic\pgf\utilities\pgfkeysfiltered.code.tex
\pgfkeys@tmptoks=\toks19
))
\pgf@x=\dimen130
\pgf@y=\dimen131
\pgf@xa=\dimen132
\pgf@ya=\dimen133
\pgf@xb=\dimen134
\pgf@yb=\dimen135
\pgf@xc=\dimen136
\pgf@yc=\dimen137
\w@pgf@writea=\write3
\r@pgf@reada=\read1
\c@pgf@counta=\count108
\c@pgf@countb=\count109
\c@pgf@countc=\count110
\c@pgf@countd=\count111
\t@pgf@toka=\toks20
\t@pgf@tokb=\toks21
\t@pgf@tokc=\toks22

(D:\Latex\MikTex\tex\generic\pgf\systemlayer\pgf.cfg
File: pgf.cfg 2008/05/14  (rcs-revision 1.7)
)
Driver file for pgf: pgfsys-xetex.def

(D:\Latex\MikTex\tex\generic\pgf\systemlayer\pgfsys-xetex.def
File: pgfsys-xetex.def 2014/07/09  (rcs-revision 1.11)

(D:\Latex\MikTex\tex\generic\pgf\systemlayer\pgfsys-dvipdfmx.def
File: pgfsys-dvipdfmx.def 2014/07/09  (rcs-revision 1.14)

(D:\Latex\MikTex\tex\generic\pgf\systemlayer\pgfsys-common-pdf.def
File: pgfsys-common-pdf.def 2013/10/10  (rcs-revision 1.13)
)
\pgfsys@objnum=\count112
)))
(D:\Latex\MikTex\tex\generic\pgf\systemlayer\pgfsyssoftpath.code.tex
File: pgfsyssoftpath.code.tex 2013/09/09  (rcs-revision 1.9)
\pgfsyssoftpath@smallbuffer@items=\count113
\pgfsyssoftpath@bigbuffer@items=\count114
)
(D:\Latex\MikTex\tex\generic\pgf\systemlayer\pgfsysprotocol.code.tex
File: pgfsysprotocol.code.tex 2006/10/16  (rcs-revision 1.4)
))
(D:\Latex\MikTex\tex\latex\xcolor\xcolor.sty
Package: xcolor 2016/05/11 v2.12 LaTeX color extensions (UK)

(D:\Latex\MikTex\tex\latex\graphics-cfg\color.cfg
File: color.cfg 2016/01/02 v1.6 sample color configuration
)
Package xcolor Info: Driver file: xetex.def on input line 225.
Package xcolor Info: Model `cmy' substituted by `cmy0' on input line 1348.
Package xcolor Info: Model `RGB' extended on input line 1364.
Package xcolor Info: Model `HTML' substituted by `rgb' on input line 1366.
Package xcolor Info: Model `Hsb' substituted by `hsb' on input line 1367.
Package xcolor Info: Model `tHsb' substituted by `hsb' on input line 1368.
Package xcolor Info: Model `HSB' substituted by `hsb' on input line 1369.
Package xcolor Info: Model `Gray' substituted by `gray' on input line 1370.
Package xcolor Info: Model `wave' substituted by `hsb' on input line 1371.
)
(D:\Latex\MikTex\tex\generic\pgf\basiclayer\pgfcore.code.tex
Package: pgfcore 2010/04/11 v3.0.1a (rcs-revision 1.7)

(D:\Latex\MikTex\tex\generic\pgf\math\pgfmath.code.tex
(D:\Latex\MikTex\tex\generic\pgf\math\pgfmathcalc.code.tex
(D:\Latex\MikTex\tex\generic\pgf\math\pgfmathutil.code.tex)
(D:\Latex\MikTex\tex\generic\pgf\math\pgfmathparser.code.tex
\pgfmath@dimen=\dimen138
\pgfmath@count=\count115
\pgfmath@box=\box35
\pgfmath@toks=\toks23
\pgfmath@stack@operand=\toks24
\pgfmath@stack@operation=\toks25
)
(D:\Latex\MikTex\tex\generic\pgf\math\pgfmathfunctions.code.tex
(D:\Latex\MikTex\tex\generic\pgf\math\pgfmathfunctions.basic.code.tex)
(D:\Latex\MikTex\tex\generic\pgf\math\pgfmathfunctions.trigonometric.code.tex)
(D:\Latex\MikTex\tex\generic\pgf\math\pgfmathfunctions.random.code.tex)
(D:\Latex\MikTex\tex\generic\pgf\math\pgfmathfunctions.comparison.code.tex)
(D:\Latex\MikTex\tex\generic\pgf\math\pgfmathfunctions.base.code.tex)
(D:\Latex\MikTex\tex\generic\pgf\math\pgfmathfunctions.round.code.tex)
(D:\Latex\MikTex\tex\generic\pgf\math\pgfmathfunctions.misc.code.tex)
(D:\Latex\MikTex\tex\generic\pgf\math\pgfmathfunctions.integerarithmetics.code.
tex))) (D:\Latex\MikTex\tex\generic\pgf\math\pgfmathfloat.code.tex
\c@pgfmathroundto@lastzeros=\count116
))
(D:\Latex\MikTex\tex\generic\pgf\basiclayer\pgfcorepoints.code.tex
File: pgfcorepoints.code.tex 2013/10/07  (rcs-revision 1.27)
\pgf@picminx=\dimen139
\pgf@picmaxx=\dimen140
\pgf@picminy=\dimen141
\pgf@picmaxy=\dimen142
\pgf@pathminx=\dimen143
\pgf@pathmaxx=\dimen144
\pgf@pathminy=\dimen145
\pgf@pathmaxy=\dimen146
\pgf@xx=\dimen147
\pgf@xy=\dimen148
\pgf@yx=\dimen149
\pgf@yy=\dimen150
\pgf@zx=\dimen151
\pgf@zy=\dimen152
)
(D:\Latex\MikTex\tex\generic\pgf\basiclayer\pgfcorepathconstruct.code.tex
File: pgfcorepathconstruct.code.tex 2013/10/07  (rcs-revision 1.29)
\pgf@path@lastx=\dimen153
\pgf@path@lasty=\dimen154
)
(D:\Latex\MikTex\tex\generic\pgf\basiclayer\pgfcorepathusage.code.tex
File: pgfcorepathusage.code.tex 2014/11/02  (rcs-revision 1.24)
\pgf@shorten@end@additional=\dimen155
\pgf@shorten@start@additional=\dimen156
)
(D:\Latex\MikTex\tex\generic\pgf\basiclayer\pgfcorescopes.code.tex
File: pgfcorescopes.code.tex 2015/05/08  (rcs-revision 1.46)
\pgfpic=\box36
\pgf@hbox=\box37
\pgf@layerbox@main=\box38
\pgf@picture@serial@count=\count117
)
(D:\Latex\MikTex\tex\generic\pgf\basiclayer\pgfcoregraphicstate.code.tex
File: pgfcoregraphicstate.code.tex 2014/11/02  (rcs-revision 1.12)
\pgflinewidth=\dimen157
)
(D:\Latex\MikTex\tex\generic\pgf\basiclayer\pgfcoretransformations.code.tex
File: pgfcoretransformations.code.tex 2015/08/07  (rcs-revision 1.20)
\pgf@pt@x=\dimen158
\pgf@pt@y=\dimen159
\pgf@pt@temp=\dimen160
)
(D:\Latex\MikTex\tex\generic\pgf\basiclayer\pgfcorequick.code.tex
File: pgfcorequick.code.tex 2008/10/09  (rcs-revision 1.3)
)
(D:\Latex\MikTex\tex\generic\pgf\basiclayer\pgfcoreobjects.code.tex
File: pgfcoreobjects.code.tex 2006/10/11  (rcs-revision 1.2)
)
(D:\Latex\MikTex\tex\generic\pgf\basiclayer\pgfcorepathprocessing.code.tex
File: pgfcorepathprocessing.code.tex 2013/09/09  (rcs-revision 1.9)
)
(D:\Latex\MikTex\tex\generic\pgf\basiclayer\pgfcorearrows.code.tex
File: pgfcorearrows.code.tex 2015/05/14  (rcs-revision 1.43)
\pgfarrowsep=\dimen161
)
(D:\Latex\MikTex\tex\generic\pgf\basiclayer\pgfcoreshade.code.tex
File: pgfcoreshade.code.tex 2013/07/15  (rcs-revision 1.15)
\pgf@max=\dimen162
\pgf@sys@shading@range@num=\count118
)
(D:\Latex\MikTex\tex\generic\pgf\basiclayer\pgfcoreimage.code.tex
File: pgfcoreimage.code.tex 2013/07/15  (rcs-revision 1.18)

(D:\Latex\MikTex\tex\generic\pgf\basiclayer\pgfcoreexternal.code.tex
File: pgfcoreexternal.code.tex 2014/07/09  (rcs-revision 1.21)
\pgfexternal@startupbox=\box39
))
(D:\Latex\MikTex\tex\generic\pgf\basiclayer\pgfcorelayers.code.tex
File: pgfcorelayers.code.tex 2013/07/18  (rcs-revision 1.7)
)
(D:\Latex\MikTex\tex\generic\pgf\basiclayer\pgfcoretransparency.code.tex
File: pgfcoretransparency.code.tex 2013/09/30  (rcs-revision 1.5)
)
(D:\Latex\MikTex\tex\generic\pgf\basiclayer\pgfcorepatterns.code.tex
File: pgfcorepatterns.code.tex 2013/11/07  (rcs-revision 1.5)
)))
(D:\Latex\MikTex\tex\latex\pgf\utilities\xxcolor.sty
Package: xxcolor 2003/10/24 ver 0.1
\XC@nummixins=\count119
\XC@countmixins=\count120
)
(D:\Latex\MikTex\tex\generic\oberdiek\atbegshi.sty
Package: atbegshi 2016/06/09 v1.18 At begin shipout hook (HO)

(D:\Latex\MikTex\tex\generic\oberdiek\infwarerr.sty
Package: infwarerr 2016/05/16 v1.4 Providing info/warning/error messages (HO)
)
(D:\Latex\MikTex\tex\generic\oberdiek\ltxcmds.sty
Package: ltxcmds 2016/05/16 v1.23 LaTeX kernel commands for general use (HO)
))
(D:\Latex\MikTex\tex\latex\hyperref\hyperref.sty
Package: hyperref 2018/09/30 v6.88a Hypertext links for LaTeX

(D:\Latex\MikTex\tex\generic\oberdiek\hobsub-hyperref.sty
Package: hobsub-hyperref 2016/05/16 v1.14 Bundle oberdiek, subset hyperref (HO)


(D:\Latex\MikTex\tex\generic\oberdiek\hobsub-generic.sty
Package: hobsub-generic 2016/05/16 v1.14 Bundle oberdiek, subset generic (HO)
Package: hobsub 2016/05/16 v1.14 Construct package bundles (HO)
Package hobsub Info: Skipping package `infwarerr' (already loaded).
Package hobsub Info: Skipping package `ltxcmds' (already loaded).
Package: ifluatex 2016/05/16 v1.4 Provides the ifluatex switch (HO)
Package ifluatex Info: LuaTeX not detected.
Package hobsub Info: Skipping package `ifvtex' (already loaded).
Package: intcalc 2016/05/16 v1.2 Expandable calculations with integers (HO)
Package hobsub Info: Skipping package `ifpdf' (already loaded).
Package: etexcmds 2016/05/16 v1.6 Avoid name clashes with e-TeX commands (HO)
Package etexcmds Info: Could not find \expanded.
(etexcmds)             That can mean that you are not using pdfTeX 1.50 or
(etexcmds)             that some package has redefined \expanded.
(etexcmds)             In the latter case, load this package earlier.
Package: kvsetkeys 2016/05/16 v1.17 Key value parser (HO)
Package: kvdefinekeys 2016/05/16 v1.4 Define keys (HO)
Package: pdftexcmds 2018/09/10 v0.29 Utility functions of pdfTeX for LuaTeX (HO
)
Package pdftexcmds Info: LuaTeX not detected.
Package pdftexcmds Info: pdfTeX >= 1.30 not detected.
Package pdftexcmds Info: \pdf@primitive is available.
Package pdftexcmds Info: \pdf@ifprimitive is available.
Package pdftexcmds Info: \pdfdraftmode not found.
Package: pdfescape 2016/05/16 v1.14 Implements pdfTeX's escape features (HO)
Package: bigintcalc 2016/05/16 v1.4 Expandable calculations on big integers (HO
)
Package: bitset 2016/05/16 v1.2 Handle bit-vector datatype (HO)
Package: uniquecounter 2016/05/16 v1.3 Provide unlimited unique counter (HO)
)
Package hobsub Info: Skipping package `hobsub' (already loaded).
Package: letltxmacro 2016/05/16 v1.5 Let assignment for LaTeX macros (HO)
Package: hopatch 2016/05/16 v1.3 Wrapper for package hooks (HO)
Package: xcolor-patch 2016/05/16 xcolor patch
Package: atveryend 2016/05/16 v1.9 Hooks at the very end of document (HO)
Package hobsub Info: Skipping package `atbegshi' (already loaded).
Package: refcount 2016/05/16 v3.5 Data extraction from label references (HO)
Package: hycolor 2016/05/16 v1.8 Color options for hyperref/bookmark (HO)
)
(D:\Latex\MikTex\tex\latex\oberdiek\auxhook.sty
Package: auxhook 2016/05/16 v1.4 Hooks for auxiliary files (HO)
)
(D:\Latex\MikTex\tex\latex\oberdiek\kvoptions.sty
Package: kvoptions 2016/05/16 v3.12 Key value format for package options (HO)
)
\@linkdim=\dimen163
\Hy@linkcounter=\count121
\Hy@pagecounter=\count122

(D:\Latex\MikTex\tex\latex\hyperref\pd1enc.def
File: pd1enc.def 2018/09/30 v6.88a Hyperref: PDFDocEncoding definition (HO)
)
\Hy@SavedSpaceFactor=\count123

(D:\Latex\MikTex\tex\latex\00miktex\hyperref.cfg
File: hyperref.cfg 2002/06/06 v1.2 hyperref configuration of TeXLive
)
Package hyperref Info: Option `bookmarks' set `true' on input line 4409.
Package hyperref Info: Option `bookmarksopen' set `true' on input line 4409.
Package hyperref Info: Option `implicit' set `false' on input line 4409.
Package hyperref Info: Hyper figures OFF on input line 4535.
Package hyperref Info: Link nesting OFF on input line 4540.
Package hyperref Info: Hyper index ON on input line 4543.
Package hyperref Info: Plain pages OFF on input line 4550.
Package hyperref Info: Backreferencing OFF on input line 4555.
Package hyperref Info: Implicit mode OFF; no redefinition of LaTeX internals.
Package hyperref Info: Bookmarks ON on input line 4788.
\c@Hy@tempcnt=\count124

(D:\Latex\MikTex\tex\latex\url\url.sty
\Urlmuskip=\muskip10
Package: url 2013/09/16  ver 3.4  Verb mode for urls, etc.
)
LaTeX Info: Redefining \url on input line 5141.
\XeTeXLinkMargin=\dimen164
\Fld@menulength=\count125
\Field@Width=\dimen165
\Fld@charsize=\dimen166
Package hyperref Info: Hyper figures OFF on input line 6396.
Package hyperref Info: Link nesting OFF on input line 6401.
Package hyperref Info: Hyper index ON on input line 6404.
Package hyperref Info: backreferencing OFF on input line 6411.
Package hyperref Info: Link coloring OFF on input line 6416.
Package hyperref Info: Link coloring with OCG OFF on input line 6421.
Package hyperref Info: PDF/A mode OFF on input line 6426.
LaTeX Info: Redefining \ref on input line 6466.
LaTeX Info: Redefining \pageref on input line 6470.
\Hy@abspage=\count126


Package hyperref Message: Stopped early.

)
Package hyperref Info: Driver (autodetected): hxetex.
 (D:\Latex\MikTex\tex\latex\hyperref\hxetex.def
File: hxetex.def 2018/09/30 v6.88a Hyperref driver for XeTeX

(D:\Latex\MikTex\tex\latex\hyperref\puenc.def
File: puenc.def 2018/09/30 v6.88a Hyperref: PDF Unicode definition (HO)
)
(D:\Latex\MikTex\tex\generic\oberdiek\stringenc.sty
Package: stringenc 2016/05/16 v1.11 Convert strings between diff. encodings (HO
)
)
\pdfm@box=\box40
\c@Hy@AnnotLevel=\count127
\HyField@AnnotCount=\count128
\Fld@listcount=\count129
\c@bookmark@seq@number=\count130

(D:\Latex\MikTex\tex\latex\oberdiek\rerunfilecheck.sty
Package: rerunfilecheck 2016/05/16 v1.8 Rerun checks for auxiliary files (HO)
Package uniquecounter Info: New unique counter `rerunfilecheck' on input line 2
82.
))
(D:\Latex\MikTex\tex\generic\oberdiek\se-ascii-print.def
File: se-ascii-print.def 2016/05/16 v1.11 stringenc: Printable ASCII characters

)
(D:\Latex\MikTex\tex\latex\beamer\beamerbaserequires.sty
(D:\Latex\MikTex\tex\latex\beamer\beamerbasecompatibility.sty)
(D:\Latex\MikTex\tex\latex\beamer\beamerbasefont.sty
(D:\Latex\MikTex\tex\latex\amsfonts\amssymb.sty
Package: amssymb 2013/01/14 v3.01 AMS font symbols

(D:\Latex\MikTex\tex\latex\amsfonts\amsfonts.sty
Package: amsfonts 2013/01/14 v3.01 Basic AMSFonts support
\@emptytoks=\toks26
\symAMSa=\mathgroup4
\symAMSb=\mathgroup5
LaTeX Font Info:    Overwriting math alphabet `\mathfrak' in version `bold'
(Font)                  U/euf/m/n --> U/euf/b/n on input line 106.
))
(D:\Latex\MikTex\tex\latex\sansmathaccent\sansmathaccent.sty
Package: sansmathaccent 2013/03/28

(D:\Latex\MikTex\tex\latex\filehook\filehook.sty
Package: filehook 2011/10/12 v0.5d Hooks for input files
)))
(D:\Latex\MikTex\tex\latex\beamer\beamerbasetranslator.sty
(D:\Latex\MikTex\tex\latex\translator\translator.sty
Package: translator 2018/01/04 v1.12 Easy translation of strings in LaTeX
))
(D:\Latex\MikTex\tex\latex\beamer\beamerbasemisc.sty)
(D:\Latex\MikTex\tex\latex\beamer\beamerbasetwoscreens.sty)
(D:\Latex\MikTex\tex\latex\beamer\beamerbaseoverlay.sty
\beamer@argscount=\count131
\beamer@lastskipcover=\skip44
\beamer@trivlistdepth=\count132
)
(D:\Latex\MikTex\tex\latex\beamer\beamerbasetitle.sty)
(D:\Latex\MikTex\tex\latex\beamer\beamerbasesection.sty
\c@lecture=\count133
\c@part=\count134
\c@section=\count135
\c@subsection=\count136
\c@subsubsection=\count137
)
(D:\Latex\MikTex\tex\latex\beamer\beamerbaseframe.sty
\beamer@framebox=\box41
\beamer@frametitlebox=\box42
\beamer@zoombox=\box43
\beamer@zoomcount=\count138
\beamer@zoomframecount=\count139
\beamer@frametextheight=\dimen167
\c@subsectionslide=\count140
\beamer@frametopskip=\skip45
\beamer@framebottomskip=\skip46
\beamer@frametopskipautobreak=\skip47
\beamer@framebottomskipautobreak=\skip48
\beamer@envbody=\toks27
\framewidth=\dimen168
\c@framenumber=\count141
)
(D:\Latex\MikTex\tex\latex\beamer\beamerbaseverbatim.sty
\beamer@verbatimfileout=\write4
)
(D:\Latex\MikTex\tex\latex\beamer\beamerbaseframesize.sty
\beamer@splitbox=\box44
\beamer@autobreakcount=\count142
\beamer@autobreaklastheight=\dimen169
\beamer@frametitletoks=\toks28
\beamer@framesubtitletoks=\toks29
)
(D:\Latex\MikTex\tex\latex\beamer\beamerbaseframecomponents.sty
\beamer@footins=\box45
)
(D:\Latex\MikTex\tex\latex\beamer\beamerbasecolor.sty)
(D:\Latex\MikTex\tex\latex\beamer\beamerbasenotes.sty
\beamer@frameboxcopy=\box46
)
(D:\Latex\MikTex\tex\latex\beamer\beamerbasetoc.sty)
(D:\Latex\MikTex\tex\latex\beamer\beamerbasetemplates.sty
\beamer@sbttoks=\toks30

(D:\Latex\MikTex\tex\latex\beamer\beamerbaseauxtemplates.sty
(D:\Latex\MikTex\tex\latex\beamer\beamerbaseboxes.sty
\bmb@box=\box47
\bmb@colorbox=\box48
\bmb@boxshadow=\box49
\bmb@boxshadowball=\box50
\bmb@boxshadowballlarge=\box51
\bmb@temp=\dimen170
\bmb@dima=\dimen171
\bmb@dimb=\dimen172
\bmb@prevheight=\dimen173
)
\beamer@blockheadheight=\dimen174
))
(D:\Latex\MikTex\tex\latex\beamer\beamerbaselocalstructure.sty
(D:\Latex\MikTex\tex\latex\tools\enumerate.sty
Package: enumerate 2015/07/23 v3.00 enumerate extensions (DPC)
\@enLab=\toks31
)
\c@figure=\count143
\c@table=\count144
\abovecaptionskip=\skip49
\belowcaptionskip=\skip50
)
(D:\Latex\MikTex\tex\latex\beamer\beamerbasenavigation.sty
\beamer@section@min@dim=\dimen175
)
(D:\Latex\MikTex\tex\latex\beamer\beamerbasetheorems.sty
(D:\Latex\MikTex\tex\latex\amsmath\amsmath.sty
Package: amsmath 2017/09/02 v2.17a AMS math features
\@mathmargin=\skip51

For additional information on amsmath, use the `?' option.
(D:\Latex\MikTex\tex\latex\amsmath\amstext.sty
Package: amstext 2000/06/29 v2.01 AMS text

(D:\Latex\MikTex\tex\latex\amsmath\amsgen.sty
File: amsgen.sty 1999/11/30 v2.0 generic functions
\@emptytoks=\toks32
\ex@=\dimen176
))
(D:\Latex\MikTex\tex\latex\amsmath\amsbsy.sty
Package: amsbsy 1999/11/29 v1.2d Bold Symbols
\pmbraise@=\dimen177
)
(D:\Latex\MikTex\tex\latex\amsmath\amsopn.sty
Package: amsopn 2016/03/08 v2.02 operator names
)
\inf@bad=\count145
LaTeX Info: Redefining \frac on input line 213.
\uproot@=\count146
\leftroot@=\count147
LaTeX Info: Redefining \overline on input line 375.
\classnum@=\count148
\DOTSCASE@=\count149
LaTeX Info: Redefining \ldots on input line 472.
LaTeX Info: Redefining \dots on input line 475.
LaTeX Info: Redefining \cdots on input line 596.
\Mathstrutbox@=\box52
\strutbox@=\box53
\big@size=\dimen178
LaTeX Font Info:    Redeclaring font encoding OML on input line 712.
LaTeX Font Info:    Redeclaring font encoding OMS on input line 713.
\macc@depth=\count150
\c@MaxMatrixCols=\count151
\dotsspace@=\muskip11
\c@parentequation=\count152
\dspbrk@lvl=\count153
\tag@help=\toks33
\row@=\count154
\column@=\count155
\maxfields@=\count156
\andhelp@=\toks34
\eqnshift@=\dimen179
\alignsep@=\dimen180
\tagshift@=\dimen181
\tagwidth@=\dimen182
\totwidth@=\dimen183
\lineht@=\dimen184
\@envbody=\toks35
\multlinegap=\skip52
\multlinetaggap=\skip53
\mathdisplay@stack=\toks36
LaTeX Info: Redefining \[ on input line 2817.
LaTeX Info: Redefining \] on input line 2818.
)
(D:\Latex\MikTex\tex\latex\amscls\amsthm.sty
Package: amsthm 2017/10/31 v2.20.4
\thm@style=\toks37
\thm@bodyfont=\toks38
\thm@headfont=\toks39
\thm@notefont=\toks40
\thm@headpunct=\toks41
\thm@preskip=\skip54
\thm@postskip=\skip55
\thm@headsep=\skip56
\dth@everypar=\toks42
)
\c@theorem=\count157
)
(D:\Latex\MikTex\tex\latex\beamer\beamerbasethemes.sty))
(D:\Latex\MikTex\tex\latex\beamer\beamerthemedefault.sty
(D:\Latex\MikTex\tex\latex\beamer\beamerfontthemedefault.sty)
(D:\Latex\MikTex\tex\latex\beamer\beamercolorthemedefault.sty)
(D:\Latex\MikTex\tex\latex\beamer\beamerinnerthemedefault.sty
\beamer@dima=\dimen185
\beamer@dimb=\dimen186
)
(D:\Latex\MikTex\tex\latex\beamer\beamerouterthemedefault.sty)))
(D:\Latex\MikTex\tex\latex\pgf\frontendlayer\tikz.sty
(D:\Latex\MikTex\tex\latex\pgf\basiclayer\pgf.sty
Package: pgf 2015/08/07 v3.0.1a (rcs-revision 1.15)

(D:\Latex\MikTex\tex\generic\pgf\modules\pgfmoduleshapes.code.tex
File: pgfmoduleshapes.code.tex 2014/03/21  (rcs-revision 1.35)
\pgfnodeparttextbox=\box54
)
(D:\Latex\MikTex\tex\generic\pgf\modules\pgfmoduleplot.code.tex
File: pgfmoduleplot.code.tex 2015/08/03  (rcs-revision 1.13)
)
(D:\Latex\MikTex\tex\latex\pgf\compatibility\pgfcomp-version-0-65.sty
Package: pgfcomp-version-0-65 2007/07/03 v3.0.1a (rcs-revision 1.7)
\pgf@nodesepstart=\dimen187
\pgf@nodesepend=\dimen188
)
(D:\Latex\MikTex\tex\latex\pgf\compatibility\pgfcomp-version-1-18.sty
Package: pgfcomp-version-1-18 2007/07/23 v3.0.1a (rcs-revision 1.1)
))
(D:\Latex\MikTex\tex\latex\pgf\utilities\pgffor.sty
(D:\Latex\MikTex\tex\latex\pgf\utilities\pgfkeys.sty
(D:\Latex\MikTex\tex\generic\pgf\utilities\pgfkeys.code.tex))
(D:\Latex\MikTex\tex\latex\pgf\math\pgfmath.sty
(D:\Latex\MikTex\tex\generic\pgf\math\pgfmath.code.tex))
(D:\Latex\MikTex\tex\generic\pgf\utilities\pgffor.code.tex
Package: pgffor 2013/12/13 v3.0.1a (rcs-revision 1.25)

(D:\Latex\MikTex\tex\generic\pgf\math\pgfmath.code.tex)
\pgffor@iter=\dimen189
\pgffor@skip=\dimen190
\pgffor@stack=\toks43
\pgffor@toks=\toks44
))
(D:\Latex\MikTex\tex\generic\pgf\frontendlayer\tikz\tikz.code.tex
Package: tikz 2015/08/07 v3.0.1a (rcs-revision 1.151)

(D:\Latex\MikTex\tex\generic\pgf\libraries\pgflibraryplothandlers.code.tex
File: pgflibraryplothandlers.code.tex 2013/08/31 v3.0.1a (rcs-revision 1.20)
\pgf@plot@mark@count=\count158
\pgfplotmarksize=\dimen191
)
\tikz@lastx=\dimen192
\tikz@lasty=\dimen193
\tikz@lastxsaved=\dimen194
\tikz@lastysaved=\dimen195
\tikzleveldistance=\dimen196
\tikzsiblingdistance=\dimen197
\tikz@figbox=\box55
\tikz@figbox@bg=\box56
\tikz@tempbox=\box57
\tikz@tempbox@bg=\box58
\tikztreelevel=\count159
\tikznumberofchildren=\count160
\tikznumberofcurrentchild=\count161
\tikz@fig@count=\count162

(D:\Latex\MikTex\tex\generic\pgf\modules\pgfmodulematrix.code.tex
File: pgfmodulematrix.code.tex 2013/09/17  (rcs-revision 1.8)
\pgfmatrixcurrentrow=\count163
\pgfmatrixcurrentcolumn=\count164
\pgf@matrix@numberofcolumns=\count165
)
\tikz@expandcount=\count166

(D:\Latex\MikTex\tex\generic\pgf\frontendlayer\tikz\libraries\tikzlibrarytopath
s.code.tex
File: tikzlibrarytopaths.code.tex 2008/06/17 v3.0.1a (rcs-revision 1.2)
)))
(D:\Latex\MikTex\tex\generic\pgf\frontendlayer\tikz\libraries\tikzlibraryarrows
.code.tex
File: tikzlibraryarrows.code.tex 2008/01/09 v3.0.1a (rcs-revision 1.1)
 (D:\Latex\MikTex\tex\generic\pgf\libraries\pgflibraryarrows.code.tex
File: pgflibraryarrows.code.tex 2013/09/23 v3.0.1a (rcs-revision 1.16)
\arrowsize=\dimen198
))
(D:\Latex\MikTex\tex\generic\pgf\frontendlayer\tikz\libraries\tikzlibrarydecora
tions.pathmorphing.code.tex
(D:\Latex\MikTex\tex\generic\pgf\frontendlayer\tikz\libraries\tikzlibrarydecora
tions.code.tex
(D:\Latex\MikTex\tex\generic\pgf\modules\pgfmoduledecorations.code.tex
\pgfdecoratedcompleteddistance=\dimen199
\pgfdecoratedremainingdistance=\dimen256
\pgfdecoratedinputsegmentcompleteddistance=\dimen257
\pgfdecoratedinputsegmentremainingdistance=\dimen258
\pgf@decorate@distancetomove=\dimen259
\pgf@decorate@repeatstate=\count167
\pgfdecorationsegmentamplitude=\dimen260
\pgfdecorationsegmentlength=\dimen261
)
\tikz@lib@dec@box=\box59
)
(D:\Latex\MikTex\tex\generic\pgf\libraries\decorations\pgflibrarydecorations.pa
thmorphing.code.tex))
(D:\Latex\MikTex\tex\generic\pgf\frontendlayer\tikz\libraries\tikzlibrarybackgr
ounds.code.tex
File: tikzlibrarybackgrounds.code.tex 2013/07/18 v3.0.1a (rcs-revision 1.3)
\pgf@layerbox@background=\box60
\pgf@layerboxsaved@background=\box61
)
(D:\Latex\MikTex\tex\generic\pgf\frontendlayer\tikz\libraries\tikzlibrarypositi
oning.code.tex
File: tikzlibrarypositioning.code.tex 2008/10/06 v3.0.1a (rcs-revision 1.7)
)
(D:\Latex\MikTex\tex\generic\pgf\frontendlayer\tikz\libraries\tikzlibraryfit.co
de.tex
File: tikzlibraryfit.code.tex 2013/07/12 v3.0.1a (rcs-revision 1.5)
)
(D:\Latex\MikTex\tex\generic\pgf\frontendlayer\tikz\libraries\tikzlibrarypetri.
code.tex
File: tikzlibrarypetri.code.tex 2013/07/17 v3.0.1a (rcs-revision 1.3)
)
(D:\Latex\MikTex\tex\generic\pgf\frontendlayer\tikz\libraries\tikzlibraryautoma
ta.code.tex
File: tikzlibraryautomata.code.tex 2008/07/14 v3.0.1a (rcs-revision 1.3)

(D:\Latex\MikTex\tex\generic\pgf\frontendlayer\tikz\libraries\tikzlibraryshapes
.multipart.code.tex
File: tikzlibraryshapes.multipart.code.tex 2008/01/09 v3.0.1a (rcs-revision 1.1
)

(D:\Latex\MikTex\tex\generic\pgf\libraries\shapes\pgflibraryshapes.multipart.co
de.tex
File: pgflibraryshapes.multipart.code.tex 2010/01/07 v3.0.1a (rcs-revision 1.2)

\pgfnodepartlowerbox=\box62
\pgfnodeparttwobox=\box63
\pgfnodepartthreebox=\box64
\pgfnodepartfourbox=\box65
\pgfnodeparttwentybox=\box66
\pgfnodepartnineteenbox=\box67
\pgfnodeparteighteenbox=\box68
\pgfnodepartseventeenbox=\box69
\pgfnodepartsixteenbox=\box70
\pgfnodepartfifteenbox=\box71
\pgfnodepartfourteenbox=\box72
\pgfnodepartthirteenbox=\box73
\pgfnodeparttwelvebox=\box74
\pgfnodepartelevenbox=\box75
\pgfnodeparttenbox=\box76
\pgfnodepartninebox=\box77
\pgfnodeparteightbox=\box78
\pgfnodepartsevenbox=\box79
\pgfnodepartsixbox=\box80
\pgfnodepartfivebox=\box81
))) (D:\Latex\MikTex\tex\latex\multirow\multirow.sty
Package: multirow 2018/08/03 v2.3 Span multiple rows of a table
\multirow@colwidth=\skip57
\multirow@cntb=\count168
\multirow@dima=\skip58
\bigstrutjot=\dimen262
)
(D:\Latex\MikTex\tex\latex\colortbl\colortbl.sty
Package: colortbl 2018/05/02 v1.0c Color table columns (DPC)

(D:\Latex\MikTex\tex\latex\tools\array.sty
Package: array 2018/04/30 v2.4h Tabular extension package (FMi)
\col@sep=\dimen263
\ar@mcellbox=\box82
\extrarowheight=\dimen264
\NC@list=\toks45
\extratabsurround=\skip59
\backup@length=\skip60
\ar@cellbox=\box83
)
\everycr=\toks46
\minrowclearance=\skip61
)
(D:\Latex\MikTex\tex\latex\threeparttable\threeparttable.sty
Package: threeparttable 2003/06/13  v 3.0
\@tempboxb=\box84
)
(D:\Latex\MikTex\tex\latex\tablefootnote\tablefootnote.sty
Package: tablefootnote 2014/01/26 v1.1c Table foot notes (HMM)

(D:\Latex\MikTex\tex\latex\xifthen\xifthen.sty
Package: xifthen 2015/11/05 v1.4.0 Extended ifthen features

(D:\Latex\MikTex\tex\latex\tools\calc.sty
Package: calc 2017/05/25 v4.3 Infix arithmetic (KKT,FJ)
\calc@Acount=\count169
\calc@Bcount=\count170
\calc@Adimen=\dimen265
\calc@Bdimen=\dimen266
\calc@Askip=\skip62
\calc@Bskip=\skip63
LaTeX Info: Redefining \setlength on input line 80.
LaTeX Info: Redefining \addtolength on input line 81.
\calc@Ccount=\count171
\calc@Cskip=\skip64
)
(D:\Latex\MikTex\tex\latex\base\ifthen.sty
Package: ifthen 2014/09/29 v1.1c Standard LaTeX ifthen package (DPC)
)
(D:\Latex\MikTex\tex\latex\ifmtarg\ifmtarg.sty
Package: ifmtarg 2018/04/16 v1.2b check for an empty argument
)))
(D:\Latex\MikTex\tex\latex\tools\verbatim.sty
Package: verbatim 2014/10/28 v1.5q LaTeX2e package for verbatim enhancements
\every@verbatim=\toks47
\verbatim@line=\toks48
\verbatim@in@stream=\read2
)
(D:\Latex\MikTex\tex\latex\booktabs\booktabs.sty
Package: booktabs 2005/04/14 v1.61803 publication quality tables
\heavyrulewidth=\dimen267
\lightrulewidth=\dimen268
\cmidrulewidth=\dimen269
\belowrulesep=\dimen270
\belowbottomsep=\dimen271
\aboverulesep=\dimen272
\abovetopsep=\dimen273
\cmidrulesep=\dimen274
\cmidrulekern=\dimen275
\defaultaddspace=\dimen276
\@cmidla=\count172
\@cmidlb=\count173
\@aboverulesep=\dimen277
\@belowrulesep=\dimen278
\@thisruleclass=\count174
\@lastruleclass=\count175
\@thisrulewidth=\dimen279
)
(D:\Latex\MikTex\tex\latex\ctex\ctex.sty
(D:\Latex\MikTex\tex\latex\l3kernel\expl3.sty
Package: expl3 2018-10-17 L3 programming layer (loader) 

(D:\Latex\MikTex\tex\latex\l3kernel\expl3-code.tex
Package: expl3 2018-10-17 L3 programming layer (code)
\c_max_int=\count176
\l_tmpa_int=\count177
\l_tmpb_int=\count178
\g_tmpa_int=\count179
\g_tmpb_int=\count180
\g__kernel_prg_map_int=\count181
\c_log_iow=\count182
\l_iow_line_count_int=\count183
\l__iow_line_target_int=\count184
\l__iow_one_indent_int=\count185
\l__iow_indent_int=\count186
\c_zero_dim=\dimen280
\c_max_dim=\dimen281
\l_tmpa_dim=\dimen282
\l_tmpb_dim=\dimen283
\g_tmpa_dim=\dimen284
\g_tmpb_dim=\dimen285
\c_zero_skip=\skip65
\c_max_skip=\skip66
\l_tmpa_skip=\skip67
\l_tmpb_skip=\skip68
\g_tmpa_skip=\skip69
\g_tmpb_skip=\skip70
\c_zero_muskip=\muskip12
\c_max_muskip=\muskip13
\l_tmpa_muskip=\muskip14
\l_tmpb_muskip=\muskip15
\g_tmpa_muskip=\muskip16
\g_tmpb_muskip=\muskip17
\l_keys_choice_int=\count187
\l__intarray_loop_int=\count188
\c__intarray_sp_dim=\dimen286
\g__intarray_font_int=\count189
\c__fp_leading_shift_int=\count190
\c__fp_middle_shift_int=\count191
\c__fp_trailing_shift_int=\count192
\c__fp_big_leading_shift_int=\count193
\c__fp_big_middle_shift_int=\count194
\c__fp_big_trailing_shift_int=\count195
\c__fp_Bigg_leading_shift_int=\count196
\c__fp_Bigg_middle_shift_int=\count197
\c__fp_Bigg_trailing_shift_int=\count198
\g__fp_array_int=\count199
\l__fp_array_loop_int=\count266
\l__sort_length_int=\count267
\l__sort_min_int=\count268
\l__sort_top_int=\count269
\l__sort_max_int=\count270
\l__sort_true_max_int=\count271
\l__sort_block_int=\count272
\l__sort_begin_int=\count273
\l__sort_end_int=\count274
\l__sort_A_int=\count275
\l__sort_B_int=\count276
\l__sort_C_int=\count277
\l__tl_analysis_normal_int=\count278
\l__tl_analysis_index_int=\count279
\l__tl_analysis_nesting_int=\count280
\l__tl_analysis_type_int=\count281
\l__regex_internal_a_int=\count282
\l__regex_internal_b_int=\count283
\l__regex_internal_c_int=\count284
\l__regex_balance_int=\count285
\l__regex_group_level_int=\count286
\l__regex_mode_int=\count287
\c__regex_cs_in_class_mode_int=\count288
\c__regex_cs_mode_int=\count289
\l__regex_catcodes_int=\count290
\l__regex_default_catcodes_int=\count291
\c__regex_catcode_L_int=\count292
\c__regex_catcode_O_int=\count293
\c__regex_catcode_A_int=\count294
\c__regex_all_catcodes_int=\count295
\l__regex_show_lines_int=\count296
\l__regex_min_state_int=\count297
\l__regex_max_state_int=\count298
\l__regex_left_state_int=\count299
\l__regex_right_state_int=\count300
\l__regex_capturing_group_int=\count301
\l__regex_min_pos_int=\count302
\l__regex_max_pos_int=\count303
\l__regex_curr_pos_int=\count304
\l__regex_start_pos_int=\count305
\l__regex_success_pos_int=\count306
\l__regex_curr_char_int=\count307
\l__regex_curr_catcode_int=\count308
\l__regex_last_char_int=\count309
\l__regex_case_changed_char_int=\count310
\l__regex_curr_state_int=\count311
\l__regex_step_int=\count312
\l__regex_min_active_int=\count313
\l__regex_max_active_int=\count314
\l__regex_replacement_csnames_int=\count315
\l__regex_match_count_int=\count316
\l__regex_min_submatch_int=\count317
\l__regex_submatch_int=\count318
\l__regex_zeroth_submatch_int=\count319
\g__regex_trace_regex_int=\count320
\c_empty_box=\box85
\l_tmpa_box=\box86
\l_tmpb_box=\box87
\g_tmpa_box=\box88
\g_tmpb_box=\box89
\l__box_top_dim=\dimen287
\l__box_bottom_dim=\dimen288
\l__box_left_dim=\dimen289
\l__box_right_dim=\dimen290
\l__box_top_new_dim=\dimen291
\l__box_bottom_new_dim=\dimen292
\l__box_left_new_dim=\dimen293
\l__box_right_new_dim=\dimen294
\l__box_internal_box=\box90
\l__coffin_internal_box=\box91
\l__coffin_internal_dim=\dimen295
\l__coffin_offset_x_dim=\dimen296
\l__coffin_offset_y_dim=\dimen297
\l__coffin_x_dim=\dimen298
\l__coffin_y_dim=\dimen299
\l__coffin_x_prime_dim=\dimen300
\l__coffin_y_prime_dim=\dimen301
\c_empty_coffin=\box92
\l__coffin_aligned_coffin=\box93
\l__coffin_aligned_internal_coffin=\box94
\l_tmpa_coffin=\box95
\l_tmpb_coffin=\box96
\l__coffin_display_coffin=\box97
\l__coffin_display_coord_coffin=\box98
\l__coffin_display_pole_coffin=\box99
\l__coffin_display_offset_dim=\dimen302
\l__coffin_display_x_dim=\dimen303
\l__coffin_display_y_dim=\dimen304
\g__file_internal_ior=\read3
\l__coffin_bounding_shift_dim=\dimen305
\l__coffin_left_corner_dim=\dimen306
\l__coffin_right_corner_dim=\dimen307
\l__coffin_bottom_corner_dim=\dimen308
\l__coffin_top_corner_dim=\dimen309
\l__coffin_scaled_total_height_dim=\dimen310
\l__coffin_scaled_width_dim=\dimen311
)
(D:\Latex\MikTex\tex\latex\l3kernel\l3xdvipdfmx.def
File: l3xdvidpfmx.def 2018-10-17 v L3 Experimental driver: xdvipdfmx
\g__driver_image_int=\count321
\g__driver_pdf_object_int=\count322
))
Package: ctex 2018/05/02 v2.4.14 Chinese adapter in LaTeX (CTEX)

(D:\Latex\MikTex\tex\latex\l3packages\xparse\xparse.sty
Package: xparse 2018-10-17 L3 Experimental document command parser
\l__xparse_current_arg_int=\count323
\g__xparse_grabber_int=\count324
\l__xparse_m_args_int=\count325
\l__xparse_mandatory_args_int=\count326
\l__xparse_v_nesting_int=\count327
)
(D:\Latex\MikTex\tex\latex\l3packages\l3keys2e\l3keys2e.sty
Package: l3keys2e 2018-10-17 LaTeX2e option processing using LaTeX3 keys
)
(D:\Latex\MikTex\tex\latex\ctex\ctexhook.sty
Package: ctexhook 2018/05/02 v2.4.14 Document and package hooks (CTEX)
)
(D:\Latex\MikTex\tex\latex\ctex\ctexpatch.sty
Package: ctexpatch 2018/05/02 v2.4.14 Patching commands (CTEX)
)
(D:\Latex\MikTex\tex\latex\base\fix-cm.sty
Package: fix-cm 2015/01/14 v1.1t fixes to LaTeX

(D:\Latex\MikTex\tex\latex\base\ts1enc.def
File: ts1enc.def 2001/06/05 v3.0e (jk/car/fm) Standard LaTeX file
))
(D:\Latex\MikTex\tex\latex\ms\everysel.sty
Package: everysel 2011/10/28 v1.2 EverySelectfont Package (MS)
)
\l__ctex_tmp_int=\count328
\l__ctex_tmp_box=\box100
\l__ctex_tmp_dim=\dimen312
\g__ctex_font_size_flag=\count329

(D:\Latex\MikTex\tex\latex\ctex\config\ctexopts.cfg
File: ctexopts.cfg 2018/05/02 v2.4.14 Option configuration file (CTEX)
)
(D:\Latex\MikTex\tex\latex\ctex\engine\ctex-engine-xetex.def
File: ctex-engine-xetex.def 2018/05/02 v2.4.14 XeLaTeX adapter (CTEX)

(D:\Latex\MikTex\tex\xelatex\xecjk\xeCJK.sty
Package: xeCJK 2018/04/30 v3.7.1 Typesetting CJK scripts with XeLaTeX

(D:\Latex\MikTex\tex\latex\l3packages\xtemplate\xtemplate.sty
Package: xtemplate 2018-10-17 L3 Experimental prototype document functions
\l__xtemplate_tmp_dim=\dimen313
\l__xtemplate_tmp_int=\count330
\l__xtemplate_tmp_muskip=\muskip18
\l__xtemplate_tmp_skip=\skip71
)
\l__xeCJK_tmp_int=\count331
\l__xeCJK_tmp_box=\box101
\l__xeCJK_tmp_dim=\dimen314
\l__xeCJK_tmp_skip=\skip72
\g__xeCJK_space_factor_int=\count332
\l__xeCJK_begin_int=\count333
\l__xeCJK_end_int=\count334
\c__xeCJK_CJK_class_int=\XeTeXcharclass1
\c__xeCJK_FullLeft_class_int=\XeTeXcharclass2
\c__xeCJK_FullRight_class_int=\XeTeXcharclass3
\c__xeCJK_HalfLeft_class_int=\XeTeXcharclass4
\c__xeCJK_HalfRight_class_int=\XeTeXcharclass5
\c__xeCJK_NormalSpace_class_int=\XeTeXcharclass6
\c__xeCJK_CM_class_int=\XeTeXcharclass7
\c__xeCJK_HangulJamo_class_int=\XeTeXcharclass8
\l__xeCJK_last_skip=\skip73
\g__xeCJK_node_int=\count335
\c__xeCJK_CJK_node_dim=\dimen315
\c__xeCJK_CJK-space_node_dim=\dimen316
\c__xeCJK_default_node_dim=\dimen317
\c__xeCJK_default-space_node_dim=\dimen318
\c__xeCJK_CJK-widow_node_dim=\dimen319
\c__xeCJK_normalspace_node_dim=\dimen320
\l__xeCJK_ccglue_skip=\skip74
\l__xeCJK_ecglue_skip=\skip75
\l__xeCJK_punct_kern_skip=\skip76
\l__xeCJK_last_penalty_int=\count336
\l__xeCJK_last_bound_dim=\dimen321
\l__xeCJK_last_kern_dim=\dimen322
\l__xeCJK_widow_penalty_int=\count337

Package xtemplate Info: Declaring object type 'xeCJK/punctuation' taking 0
(xtemplate)             argument(s) on line 2362.

\l__xeCJK_fixed_punct_width_dim=\dimen323
\l__xeCJK_mixed_punct_width_dim=\dimen324
\l__xeCJK_middle_punct_width_dim=\dimen325
\l__xeCJK_fixed_margin_width_dim=\dimen326
\l__xeCJK_mixed_margin_width_dim=\dimen327
\l__xeCJK_middle_margin_width_dim=\dimen328
\l__xeCJK_bound_punct_width_dim=\dimen329
\l__xeCJK_bound_margin_width_dim=\dimen330
\l__xeCJK_margin_minimum_dim=\dimen331
\l__xeCJK_kerning_total_width_dim=\dimen332
\l__xeCJK_same_align_margin_dim=\dimen333
\l__xeCJK_different_align_margin_dim=\dimen334
\l__xeCJK_kerning_margin_width_dim=\dimen335
\l__xeCJK_kerning_margin_minimum_dim=\dimen336
\l__xeCJK_bound_dim=\dimen337
\l__xeCJK_reverse_bound_dim=\dimen338
\l__xeCJK_minimum_bound_dim=\dimen339
\l__xeCJK_kerning_margin_dim=\dimen340
\l__xeCJK_original_margin_dim=\dimen341
\g__xeCJK_family_int=\count338
\l__xeCJK_fam_int=\count339
\g__xeCJK_fam_allocation_int=\count340
\l__xeCJK_verb_case_int=\count341
\l__xeCJK_verb_exspace_skip=\skip77

(D:\Latex\MikTex\tex\latex\fontspec\fontspec.sty
Package: fontspec 2018/07/30 vv2.6h Font selection for XeLaTeX and LuaLaTeX

(D:\Latex\MikTex\tex\latex\fontspec\fontspec-xetex.sty
Package: fontspec-xetex 2018/07/30 vv2.6h Font selection for XeLaTeX and LuaLaT
eX
\l__fontspec_script_int=\count342
\l__fontspec_language_int=\count343
\l__fontspec_strnum_int=\count344
\l__fontspec_tmp_int=\count345
\l__fontspec_em_int=\count346
\l__fontspec_emdef_int=\count347
\l__fontspec_strong_int=\count348
\l__fontspec_strongdef_int=\count349
\l__fontspec_tmpa_dim=\dimen342
\l__fontspec_tmpb_dim=\dimen343
\l__fontspec_tmpc_dim=\dimen344

(D:\Latex\MikTex\tex\latex\base\fontenc.sty
Package: fontenc 2017/04/05 v2.0i Standard LaTeX package

(D:\Latex\MikTex\tex\latex\base\tuenc.def
File: tuenc.def 2017/04/05 v2.0i Standard LaTeX file
LaTeX Font Info:    Redeclaring font encoding TU on input line 82.
))
(D:\Latex\MikTex\tex\latex\fontspec\fontspec.cfg)
LaTeX Info: Redefining \itshape on input line 3910.
LaTeX Info: Redefining \slshape on input line 3915.
LaTeX Info: Redefining \scshape on input line 3920.
LaTeX Info: Redefining \upshape on input line 3925.
LaTeX Info: Redefining \em on input line 3955.
LaTeX Info: Redefining \emph on input line 3980.
LaTeX Font Info:    Font shape `TU/lmss/m/it' in size <10> not available
(Font)              Font shape `TU/lmss/m/sl' tried instead on input line 4030.

LaTeX Info: Redefining \- on input line 4034.
))
(D:\Latex\MikTex\tex\xelatex\xecjk\xeCJK.cfg
File: xeCJK.cfg 2018/04/30 v3.7.1 Configuration file for xeCJK package
))
(D:\Latex\MikTex\tex\xelatex\xecjk\xeCJKfntef.sty
Package: xeCJKfntef 2018/04/30 v3.7.1 xeCJK font effect

(D:\Latex\MikTex\tex\latex\ulem\ulem.sty
\UL@box=\box102
\UL@hyphenbox=\box103
\UL@skip=\skip78
\UL@hook=\toks49
\UL@height=\dimen345
\UL@pe=\count350
\UL@pixel=\dimen346
\ULC@box=\box104
Package: ulem 2012/05/18
\ULdepth=\dimen347
)
(D:\Latex\MikTex\tex\latex\environ\environ.sty
Package: environ 2014/05/04 v0.3 A new way to define environments

(D:\Latex\MikTex\tex\latex\trimspaces\trimspaces.sty
Package: trimspaces 2009/09/17 v1.1 Trim spaces around a token list
))
(D:\Latex\MikTex\tex\latex\cjk\CJKfntef.sty
Package: CJKfntef 2015/04/18 4.8.4
\CJK@fntefSkip=\skip79
\CJK@nest=\count351
\CJK@fntefDimen=\dimen348
\CJK@underdotBox=\box105
\CJK@ULbox=\box106
\CJK@underanyskip=\dimen349
)
\l__xeCJK_space_skip=\skip80
\c__xeCJK_ulem-begin_node_dim=\dimen350
\c__xeCJK_null_box=\box107
\l__xeCJK_fntef_box=\box108
\l__xeCJK_under_symbol_box=\box109
\c__xeCJK_filll_skip=\skip81
)
\ccwd=\dimen351
\l__ctex_ccglue_skip=\skip82
)
\l__ctex_ziju_dim=\dimen352

(D:\Latex\MikTex\tex\latex\zhnumber\zhnumber.sty
Package: zhnumber 2018/01/28 v2.6 Typesetting numbers with Chinese glyphs
\l__zhnum_scale_int=\count352

(D:\Latex\MikTex\tex\latex\zhnumber\zhnumber-utf8.cfg
File: zhnumber-utf8.cfg 2018/01/28 v2.6 Chinese numerals with UTF8 encoding
))
(D:\Latex\MikTex\tex\latex\ctex\scheme\ctex-scheme-plain.def
File: ctex-scheme-plain.def 2018/05/02 v2.4.14 Plain scheme for generic (CTEX)
)
(D:\Latex\MikTex\tex\latex\ctex\fontset\ctex-fontset-windows.def
File: ctex-fontset-windows.def 2018/05/02 v2.4.14 Windows fonts definition (CTE
X)

(D:\Latex\MikTex\tex\latex\ctex\fontset\ctex-fontset-windowsnew.def
File: ctex-fontset-windowsnew.def 2018/05/02 v2.4.14 Windows fonts definition f
or Vista or later version (CTEX)

Package fontspec Info: Could not resolve font "KaiTi/B" (it probably doesn't
(fontspec)             exist).


Package fontspec Info: Could not resolve font "SimHei/I" (it probably doesn't
(fontspec)             exist).


Package fontspec Info: Could not resolve font "SimSun/BI" (it probably doesn't
(fontspec)             exist).


Package fontspec Info: Font family 'SimSun(0)' created for font 'SimSun' with
(fontspec)             options
(fontspec)             [Script={CJK},BoldFont={SimHei},ItalicFont={KaiTi}].
(fontspec)              
(fontspec)              This font family consists of the following NFSS
(fontspec)             series/shapes:
(fontspec)              
(fontspec)             - 'normal' (m/n) with NFSS spec.:
(fontspec)             <->"SimSun/OT:script=hani;language=DFLT;"
(fontspec)             - 'small caps'  (m/sc) with NFSS spec.: 
(fontspec)             - 'bold' (bx/n) with NFSS spec.:
(fontspec)             <->"SimHei/OT:script=hani;language=DFLT;"
(fontspec)             - 'bold small caps'  (bx/sc) with NFSS spec.: 
(fontspec)             - 'italic' (m/it) with NFSS spec.:
(fontspec)             <->"KaiTi/OT:script=hani;language=DFLT;"
(fontspec)             - 'italic small caps'  (m/itsc) with NFSS spec.: 

)))
(D:\Latex\MikTex\tex\latex\ctex\config\ctex.cfg
File: ctex.cfg 2018/05/02 v2.4.14 Configuration file (CTEX)
)
(D:\Latex\MikTex\tex\latex\tools\indentfirst.sty
Package: indentfirst 1995/11/23 v1.03 Indent first paragraph (DPC)
)
(D:\Latex\MikTex\tex\latex\setspace\setspace.sty
Package: setspace 2011/12/19 v6.7a set line spacing
)

Package xeCJK Warning: Redefining CJKfamily `\CJKrmdefault' (SimSun(0)).


Package fontspec Info: Could not resolve font "宋体/BI" (it probably doesn't
(fontspec)             exist).


Package fontspec Info: Could not resolve font "宋体/B" (it probably doesn't
(fontspec)             exist).


Package fontspec Info: Could not resolve font "宋体/I" (it probably doesn't
(fontspec)             exist).


Package fontspec Info: Font family '宋体(0)' created for font '宋体' with options
(fontspec)             [Script={CJK}].
(fontspec)              
(fontspec)              This font family consists of the following NFSS
(fontspec)             series/shapes:
(fontspec)              
(fontspec)             - 'normal' (m/n) with NFSS spec.:
(fontspec)             <->"宋体/OT:script=hani;language=DFLT;"
(fontspec)             - 'small caps'  (m/sc) with NFSS spec.: 

(config/commands.tex (D:\Latex\MikTex\tex\latex\eurosym\eurosym.sty
Package: eurosym 1998/08/06 v1.1 European currency symbol ``Euro''
\@eurobox=\box110
)
(D:\Latex\MikTex\tex\latex\etex-pkg\etex.sty
Package: etex 2016/08/01 v2.7 eTeX basic definition package (PEB,DPC)


Package etex Warning: Extended allocation already in use.
(etex)                etex.sty code will not be used.
(etex)                To force etex package to load, add
(etex)                \RequirePackage{etex}
(etex)                at the start of the document.

) (D:\Latex\MikTex\tex\latex\stmaryrd\stmaryrd.sty
Package: stmaryrd 1994/03/03 St Mary's Road symbol package
\symstmry=\mathgroup6
LaTeX Font Info:    Overwriting symbol font `stmry' in version `bold'
(Font)                  U/stmry/m/n --> U/stmry/b/n on input line 89.
) (beamerthemeUniBa.sty
(D:\Latex\MikTex\tex\latex\beamer\beamerthemeRochester.sty
(D:\Latex\MikTex\tex\latex\beamer\beamerouterthemesidebar.sty
\beamer@sidebarwidth=\dimen353
\beamer@headheight=\dimen354
)
(D:\Latex\MikTex\tex\latex\beamer\beamerinnerthemerectangles.sty)
(D:\Latex\MikTex\tex\latex\beamer\beamercolorthemewhale.sty)
(D:\Latex\MikTex\tex\latex\beamer\beamercolorthemeorchid.sty))
(D:\Latex\MikTex\tex\latex\beamer\beamercolorthemestructure.sty))
(D:\Latex\MikTex\tex\latex\beamer\beamerfontthemeprofessionalfonts.sty)
(D:\Latex\MikTex\tex\latex\base\latexsym.sty
Package: latexsym 1998/08/17 v2.2e Standard LaTeX package (lasy symbols)
\symlasy=\mathgroup7
LaTeX Font Info:    Overwriting symbol font `lasy' in version `bold'
(Font)                  U/lasy/m/n --> U/lasy/b/n on input line 52.
)
(D:\Latex\MikTex\tex\latex\base\inputenc.sty
Package: inputenc 2018/04/06 v1.3b Input encoding file
\inpenc@prehook=\toks50
\inpenc@posthook=\toks51


Package inputenc Warning: inputenc package ignored with utf8 based engines.

) (D:\Latex\MikTex\tex\latex\lm\lmodern.sty
Package: lmodern 2009/10/30 v1.6 Latin Modern Fonts
LaTeX Font Info:    Overwriting symbol font `operators' in version `normal'
(Font)                  OT1/cmr/m/n --> OT1/lmr/m/n on input line 22.
LaTeX Font Info:    Overwriting symbol font `letters' in version `normal'
(Font)                  OML/cmm/m/it --> OML/lmm/m/it on input line 23.
LaTeX Font Info:    Overwriting symbol font `symbols' in version `normal'
(Font)                  OMS/cmsy/m/n --> OMS/lmsy/m/n on input line 24.
LaTeX Font Info:    Overwriting symbol font `largesymbols' in version `normal'
(Font)                  OMX/cmex/m/n --> OMX/lmex/m/n on input line 25.
LaTeX Font Info:    Overwriting symbol font `operators' in version `bold'
(Font)                  OT1/cmr/bx/n --> OT1/lmr/bx/n on input line 26.
LaTeX Font Info:    Overwriting symbol font `letters' in version `bold'
(Font)                  OML/cmm/b/it --> OML/lmm/b/it on input line 27.
LaTeX Font Info:    Overwriting symbol font `symbols' in version `bold'
(Font)                  OMS/cmsy/b/n --> OMS/lmsy/b/n on input line 28.
LaTeX Font Info:    Overwriting symbol font `largesymbols' in version `bold'
(Font)                  OMX/cmex/m/n --> OMX/lmex/m/n on input line 29.
LaTeX Font Info:    Overwriting math alphabet `\mathbf' in version `normal'
(Font)                  OT1/cmr/bx/n --> OT1/lmr/bx/n on input line 31.
LaTeX Font Info:    Overwriting math alphabet `\mathsf' in version `normal'
(Font)                  OT1/cmss/m/n --> OT1/lmss/m/n on input line 32.
LaTeX Font Info:    Overwriting math alphabet `\mathit' in version `normal'
(Font)                  OT1/cmr/m/it --> OT1/lmr/m/it on input line 33.
LaTeX Font Info:    Overwriting math alphabet `\mathtt' in version `normal'
(Font)                  OT1/cmtt/m/n --> OT1/lmtt/m/n on input line 34.
LaTeX Font Info:    Overwriting math alphabet `\mathbf' in version `bold'
(Font)                  OT1/cmr/bx/n --> OT1/lmr/bx/n on input line 35.
LaTeX Font Info:    Overwriting math alphabet `\mathsf' in version `bold'
(Font)                  OT1/cmss/bx/n --> OT1/lmss/bx/n on input line 36.
LaTeX Font Info:    Overwriting math alphabet `\mathit' in version `bold'
(Font)                  OT1/cmr/bx/it --> OT1/lmr/bx/it on input line 37.
LaTeX Font Info:    Overwriting math alphabet `\mathtt' in version `bold'
(Font)                  OT1/cmtt/m/n --> OT1/lmtt/m/n on input line 38.
)
(D:\Latex\MikTex\tex\latex\float\float.sty
Package: float 2001/11/08 v1.3d Float enhancements (AL)
\c@float@type=\count353
\float@exts=\toks52
\float@box=\box111
\@float@everytoks=\toks53
\@floatcapt=\box112
)
(D:\Latex\MikTex\tex\latex\wasysym\wasysym.sty
Package: wasysym 2003/10/30 v2.0 Wasy-2 symbol support package
\symwasy=\mathgroup8
LaTeX Font Info:    Overwriting symbol font `wasy' in version `bold'
(Font)                  U/wasy/m/n --> U/wasy/b/n on input line 90.
LaTeX Font Info:    Redeclaring math symbol \ocircle on input line 240.
) (config/metainfo.tex

Package hyperref Warning: Token not allowed in a PDF string (Unicode):
(hyperref)                removing `math shift' on input line 3.


Package hyperref Warning: Token not allowed in a PDF string (Unicode):
(hyperref)                \hskip 14.4pt
(hyperref)                replaced by space on input line 3.


Package hyperref Warning: Token not allowed in a PDF string (Unicode):
(hyperref)                \hskip 14.4pt
(hyperref)                replaced by space on input line 3.


Package hyperref Warning: Token not allowed in a PDF string (Unicode):
(hyperref)                removing `math shift' on input line 3.

)
Package hyperref Info: Option `breaklinks' set `true' on input line 49.
 (D:\Latex\MikTex\tex\generic\babel\babel.sty
Package: babel 2018/09/26 3.24 The Babel package

(D:\Latex\MikTex\tex\generic\babel\switch.def
File: switch.def 2018/09/26 3.24 Babel switching mechanism
)
*************************************
* Local config file bblopts.cfg used
*
(D:\Latex\MikTex\tex\latex\arabi\bblopts.cfg
File: bblopts.cfg 2005/09/08 v0.1 add Arabic and Farsi to "declared" options of
 babel
)
(D:\Latex\MikTex\tex\latex\babel-english\english.ldf
Language: english 2017/06/06 v3.3r English support from the babel system

(D:\Latex\MikTex\tex\generic\babel\babel.def
File: babel.def 2018/09/26 3.24 Babel common definitions
\babel@savecnt=\count354
\U@D=\dimen355

(D:\Latex\MikTex\tex\generic\babel\xebabel.def
(D:\Latex\MikTex\tex\generic\babel\txtbabel.def))
LaTeX Info: Redefining \textlatin on input line 1976.
\bbl@dirlevel=\count355
)
\l@canadian = a dialect from \language\l@american 
\l@australian = a dialect from \language\l@british 
\l@newzealand = a dialect from \language\l@british 
))
(D:\Latex\MikTex\tex\latex\doublestroke\dsfont.sty
Package: dsfont 1995/08/01 v0.1 Double stroke roman fonts
)
(D:\Latex\MikTex\tex\latex\units\nicefrac.sty
Package: nicefrac 1998/08/04 v0.9b Nice fractions
\L@UnitsRaiseDisplaystyle=\skip83
\L@UnitsRaiseTextstyle=\skip84
\L@UnitsRaiseScriptstyle=\skip85
LaTeX Info: Redefining \nicefrac on input line 131.
)
(D:\Latex\MikTex\tex\latex\cancel\cancel.sty
Package: cancel 2013/04/12 v2.2 Cancel math terms
)
(D:\Latex\MikTex\tex\latex\dirtree\dirtree.sty
Package: dirtree 2012/12/11 v0.32 package wrapper for dirtree

(D:\Latex\MikTex\tex\generic\dirtree\dirtree.tex
`dirtree' v0.32, 2012/12/11 (jcc)
\DT@offset=\dimen356
\DT@width=\dimen357
\DT@sep=\dimen358
\DT@all=\dimen359
\DT@rulewidth=\dimen360
\DT@dotwidth=\dimen361
\DTbaselineskip=\dimen362
\DT@counti=\count356
\DT@countii=\count357
\DT@countiii=\count358
\DT@countiv=\count359
\DT@indent=\dimen363
\DT@parskip=\dimen364
\DT@baselineskip=\dimen365
)
File: dirtree.tex 2012/12/11 v0.32 `dirtree' (jcc)
)
(D:\Latex\MikTex\tex\latex\tools\longtable.sty
Package: longtable 2014/10/28 v4.11 Multi-page Table package (DPC)
\LTleft=\skip86
\LTright=\skip87
\LTpre=\skip88
\LTpost=\skip89
\LTchunksize=\count360
\LTcapwidth=\dimen366
\LT@head=\box113
\LT@firsthead=\box114
\LT@foot=\box115
\LT@lastfoot=\box116
\LT@cols=\count361
\LT@rows=\count362
\c@LT@tables=\count363
\c@LT@chunks=\count364
\LT@p@ftn=\toks54
)
(D:\Latex\MikTex\tex\latex\tools\multicol.sty
Package: multicol 2018/04/20 v1.8s multicolumn formatting (FMi)
\c@tracingmulticols=\count365
\mult@box=\box117
\multicol@leftmargin=\dimen367
\c@unbalance=\count366
\c@collectmore=\count367
\doublecol@number=\count368
\multicoltolerance=\count369
\multicolpretolerance=\count370
\full@width=\dimen368
\page@free=\dimen369
\premulticols=\dimen370
\postmulticols=\dimen371
\multicolsep=\skip90
\multicolbaselineskip=\skip91
\partial@page=\box118
\last@line=\box119
\maxbalancingoverflow=\dimen372
\mult@rightbox=\box120
\mult@grightbox=\box121
\mult@gfirstbox=\box122
\mult@firstbox=\box123
\@tempa=\box124
\@tempa=\box125
\@tempa=\box126
\@tempa=\box127
\@tempa=\box128
\@tempa=\box129
\@tempa=\box130
\@tempa=\box131
\@tempa=\box132
\@tempa=\box133
\@tempa=\box134
\@tempa=\box135
\@tempa=\box136
\@tempa=\box137
\@tempa=\box138
\@tempa=\box139
\@tempa=\box140
\c@columnbadness=\count371
\c@finalcolumnbadness=\count372
\last@try=\dimen373
\multicolovershoot=\dimen374
\multicolundershoot=\dimen375
\mult@nat@firstbox=\box141
\colbreak@box=\box142
\mc@col@check@num=\count373
)
(D:\Latex\MikTex\tex\generic\pgf\frontendlayer\tikz\libraries\tikzlibrarycalc.c
ode.tex
File: tikzlibrarycalc.code.tex 2013/07/15 v3.0.1a (rcs-revision 1.9)
)
(D:\Latex\MikTex\tex\generic\pgf\frontendlayer\tikz\libraries\tikzlibrarytrees.
code.tex
File: tikzlibrarytrees.code.tex 2008/02/24 v3.0.1a (rcs-revision 1.2)
)
(D:\Latex\MikTex\tex\generic\pgf\frontendlayer\tikz\libraries\tikzlibraryshadow
s.code.tex
File: tikzlibraryshadows.code.tex 2008/01/13 v3.0.1a (rcs-revision 1.3)

(D:\Latex\MikTex\tex\generic\pgf\frontendlayer\tikz\libraries\tikzlibraryfading
s.code.tex
File: tikzlibraryfadings.code.tex 2009/11/15 v3.0.1a (rcs-revision 1.2)

(D:\Latex\MikTex\tex\generic\pgf\libraries\pgflibraryfadings.code.tex
File: pgflibraryfadings.code.tex 2008/02/07 v3.0.1a (rcs-revision 1.3)
)))
(D:\Latex\MikTex\tex\generic\pgf\frontendlayer\tikz\libraries\tikzlibrarydecora
tions.markings.code.tex
(D:\Latex\MikTex\tex\generic\pgf\libraries\decorations\pgflibrarydecorations.ma
rkings.code.tex))
(D:\Latex\MikTex\tex\generic\pgf\frontendlayer\tikz\libraries\tikzlibrarydecora
tions.shapes.code.tex
(D:\Latex\MikTex\tex\generic\pgf\libraries\decorations\pgflibrarydecorations.sh
apes.code.tex))
(D:\Latex\MikTex\tex\generic\pgf\frontendlayer\tikz\libraries\tikzlibraryshapes
.code.tex
File: tikzlibraryshapes.code.tex 2008/01/09 v3.0.1a (rcs-revision 1.1)

(D:\Latex\MikTex\tex\generic\pgf\frontendlayer\tikz\libraries\tikzlibraryshapes
.geometric.code.tex
File: tikzlibraryshapes.geometric.code.tex 2008/01/09 v3.0.1a (rcs-revision 1.1
)

(D:\Latex\MikTex\tex\generic\pgf\libraries\shapes\pgflibraryshapes.geometric.co
de.tex
File: pgflibraryshapes.geometric.code.tex 2008/06/26 v3.0.1a (rcs-revision 1.1)

))
(D:\Latex\MikTex\tex\generic\pgf\frontendlayer\tikz\libraries\tikzlibraryshapes
.misc.code.tex
File: tikzlibraryshapes.misc.code.tex 2008/01/09 v3.0.1a (rcs-revision 1.1)

(D:\Latex\MikTex\tex\generic\pgf\libraries\shapes\pgflibraryshapes.misc.code.te
x
File: pgflibraryshapes.misc.code.tex 2013/07/18 v3.0.1a (rcs-revision 1.5)
))
(D:\Latex\MikTex\tex\generic\pgf\frontendlayer\tikz\libraries\tikzlibraryshapes
.symbols.code.tex
File: tikzlibraryshapes.symbols.code.tex 2008/01/09 v3.0.1a (rcs-revision 1.1)

(D:\Latex\MikTex\tex\generic\pgf\libraries\shapes\pgflibraryshapes.symbols.code
.tex
File: pgflibraryshapes.symbols.code.tex 2013/09/11 v3.0.1a (rcs-revision 1.6)
))
(D:\Latex\MikTex\tex\generic\pgf\frontendlayer\tikz\libraries\tikzlibraryshapes
.arrows.code.tex
File: tikzlibraryshapes.arrows.code.tex 2008/01/09 v3.0.1a (rcs-revision 1.1)

(D:\Latex\MikTex\tex\generic\pgf\libraries\shapes\pgflibraryshapes.arrows.code.
tex
File: pgflibraryshapes.arrows.code.tex 2008/06/26 v3.0.1a (rcs-revision 1.1)
))
(D:\Latex\MikTex\tex\generic\pgf\frontendlayer\tikz\libraries\tikzlibraryshapes
.callouts.code.tex
(D:\Latex\MikTex\tex\generic\pgf\libraries\shapes\pgflibraryshapes.callouts.cod
e.tex)))
(D:\Latex\MikTex\tex\generic\pgf\frontendlayer\tikz\libraries\tikzlibrarypatter
ns.code.tex
File: tikzlibrarypatterns.code.tex 2008/01/15 v3.0.1a (rcs-revision 1.2)

(D:\Latex\MikTex\tex\generic\pgf\libraries\pgflibrarypatterns.code.tex
File: pgflibrarypatterns.code.tex 2008/03/03 v3.0.1a (rcs-revision 1.13)
))
(D:\Latex\MikTex\tex\latex\subfig\subfig.sty
Package: subfig 2005/06/28 ver: 1.3 subfig package

(D:\Latex\MikTex\tex\latex\caption\caption.sty
Package: caption 2018/10/06 v3.3-154 Customizing captions (AR)

(D:\Latex\MikTex\tex\latex\caption\caption3.sty
Package: caption3 2018/09/12 v1.8c caption3 kernel (AR)
Package caption3 Info: TeX engine: e-TeX on input line 64.
\captionmargin=\dimen376
\captionmargin@=\dimen377
\captionwidth=\dimen378
\caption@tempdima=\dimen379
\caption@indent=\dimen380
\caption@parindent=\dimen381
\caption@hangindent=\dimen382
)
\c@caption@flags=\count374
\c@ContinuedFloat=\count375
Package caption Info: beamer document class.
Package caption Info: float package is loaded.
Package caption Info: hyperref package is loaded.
Package caption Info: Hyperref support is turned off
(caption)             because hyperref has stopped early.
Package caption Info: longtable package is loaded.

(D:\Latex\MikTex\tex\latex\caption\ltcaption.sty
Package: ltcaption 2018/08/26 v1.4-95 longtable captions (AR)
)
Package caption Info: threeparttable package is loaded.
)
\c@KVtest=\count376
\sf@farskip=\skip92
\sf@captopadj=\dimen383
\sf@capskip=\skip93
\sf@nearskip=\skip94
\c@subfigure=\count377
\c@subfigure@save=\count378
\c@depth=\count379
\c@subtable=\count380
\c@subtable@save=\count381
\sf@top=\skip95
\sf@bottom=\skip96
)
\dirtree@lvl=\count382
\dirtree@plvl=\count383
\dirtree@clvl=\count384

(D:\Latex\MikTex\tex\latex\algorithmicx\algpseudocode.sty
Package: algpseudocode 

(D:\Latex\MikTex\tex\latex\algorithmicx\algorithmicx.sty
Package: algorithmicx 2005/04/27 v1.2 Algorithmicx

Document Style algorithmicx 1.2 - a greatly improved `algorithmic' style
\c@ALG@line=\count385
\c@ALG@rem=\count386
\c@ALG@nested=\count387
\ALG@tlm=\skip97
\ALG@thistlm=\skip98
\c@ALG@Lnr=\count388
\c@ALG@blocknr=\count389
\c@ALG@storecount=\count390
\c@ALG@tmpcounter=\count391
\ALG@tmplength=\skip99
)
Document Style - pseudocode environments for use with the `algorithmicx' style
))
\mybox=\box143
 (config/hyphenation.tex)

Package fontspec Info: Could not resolve font "Microsoft YaHei Bold/I" (it
(fontspec)             probably doesn't exist).


Package fontspec Info: Could not resolve font "Microsoft YaHei/I" (it probably
(fontspec)             doesn't exist).


Package fontspec Info: Font family 'MicrosoftYaHei(0)' created for font
(fontspec)             'Microsoft YaHei' with options
(fontspec)             [Script={CJK},BoldFont={* Bold}].
(fontspec)              
(fontspec)              This font family consists of the following NFSS
(fontspec)             series/shapes:
(fontspec)              
(fontspec)             - 'normal' (m/n) with NFSS spec.: <->"Microsoft
(fontspec)             YaHei/OT:script=hani;language=DFLT;"
(fontspec)             - 'small caps'  (m/sc) with NFSS spec.: 
(fontspec)             - 'bold' (bx/n) with NFSS spec.: <->"Microsoft YaHei
(fontspec)             Bold/OT:script=hani;language=DFLT;"
(fontspec)             - 'bold small caps'  (bx/sc) with NFSS spec.: 
(fontspec)             - 'bold italic' (bx/it) with NFSS spec.: <->"Microsoft
(fontspec)             YaHei/BI/OT:script=hani;language=DFLT;"
(fontspec)             - 'bold italic small caps'  (bx/itsc) with NFSS spec.: 

 (Myreport.aux)
\openout1 = `Myreport.aux'.

LaTeX Font Info:    Checking defaults for OML/cmm/m/it on input line 64.
LaTeX Font Info:    ... okay on input line 64.
LaTeX Font Info:    Checking defaults for T1/cmr/m/n on input line 64.
LaTeX Font Info:    ... okay on input line 64.
LaTeX Font Info:    Checking defaults for OT1/cmr/m/n on input line 64.
LaTeX Font Info:    ... okay on input line 64.
LaTeX Font Info:    Checking defaults for OMS/cmsy/m/n on input line 64.
LaTeX Font Info:    ... okay on input line 64.
LaTeX Font Info:    Checking defaults for TU/lmr/m/n on input line 64.
LaTeX Font Info:    ... okay on input line 64.
LaTeX Font Info:    Checking defaults for OMX/cmex/m/n on input line 64.
LaTeX Font Info:    ... okay on input line 64.
LaTeX Font Info:    Checking defaults for U/cmr/m/n on input line 64.
LaTeX Font Info:    ... okay on input line 64.
LaTeX Font Info:    Checking defaults for PD1/pdf/m/n on input line 64.
LaTeX Font Info:    ... okay on input line 64.
LaTeX Font Info:    Checking defaults for PU/pdf/m/n on input line 64.
LaTeX Font Info:    ... okay on input line 64.
LaTeX Font Info:    Checking defaults for TS1/cmr/m/n on input line 64.
LaTeX Font Info:    ... okay on input line 64.

*geometry* detected driver: pdftex
*geometry* verbose mode - [ preamble ] result:
* driver: pdftex
* paper: custom
* layout: <same size as paper>
* layoutoffset:(h,v)=(0.0pt,0.0pt)
* modes: includehead includefoot 
* h-part:(L,W,R)=(28.45274pt, 307.28987pt, 28.45274pt)
* v-part:(T,H,B)=(0.0pt, 273.14662pt, 0.0pt)
* \paperwidth=364.19536pt
* \paperheight=273.14662pt
* \textwidth=307.28987pt
* \textheight=244.6939pt
* \oddsidemargin=-43.81725pt
* \evensidemargin=-43.81725pt
* \topmargin=-72.26999pt
* \headheight=14.22636pt
* \headsep=0.0pt
* \topskip=10.0pt
* \footskip=14.22636pt
* \marginparwidth=3.0pt
* \marginparsep=11.0pt
* \columnsep=10.0pt
* \skip\footins=9.0pt plus 4.0pt minus 2.0pt
* \hoffset=0.0pt
* \voffset=0.0pt
* \mag=1000
* \@twocolumnfalse
* \@twosidefalse
* \@mparswitchfalse
* \@reversemarginfalse
* (1in=72.27pt=25.4mm, 1cm=28.453pt)

ABD: EveryShipout initializing macros
\AtBeginShipoutBox=\box144
Package hyperref Info: Link coloring OFF on input line 64.

(D:\Latex\MikTex\tex\latex\hyperref\nameref.sty
Package: nameref 2016/05/21 v2.44 Cross-referencing by name of section

(D:\Latex\MikTex\tex\generic\oberdiek\gettitlestring.sty
Package: gettitlestring 2016/05/16 v1.5 Cleanup title references (HO)
)
\c@section@level=\count392
)
LaTeX Info: Redefining \ref on input line 64.
LaTeX Info: Redefining \pageref on input line 64.
LaTeX Info: Redefining \nameref on input line 64.
 (Myreport.out)
(Myreport.out)
\@outlinefile=\write5
\openout5 = `Myreport.out'.


(D:\Latex\MikTex\tex\latex\translator\translator-basic-dictionary-English.dict
Dictionary: translator-basic-dictionary, Language: English 
)
(D:\Latex\MikTex\tex\latex\translator\translator-bibliography-dictionary-Englis
h.dict
Dictionary: translator-bibliography-dictionary, Language: English 
)
(D:\Latex\MikTex\tex\latex\translator\translator-environment-dictionary-English
.dict
Dictionary: translator-environment-dictionary, Language: English 
)
(D:\Latex\MikTex\tex\latex\translator\translator-months-dictionary-English.dict
Dictionary: translator-months-dictionary, Language: English 
)
(D:\Latex\MikTex\tex\latex\translator\translator-numbers-dictionary-English.dic
t
Dictionary: translator-numbers-dictionary, Language: English 
)
(D:\Latex\MikTex\tex\latex\translator\translator-theorem-dictionary-English.dic
t
Dictionary: translator-theorem-dictionary, Language: English 
) ABD: EverySelectfont initializing macros
LaTeX Info: Redefining \selectfont on input line 64.
Package caption Info: Begin \AtBeginDocument code.
Package caption Info: subfig package v1.3 is loaded.
Package caption Info: End \AtBeginDocument code.
 (Myreport.nav)
Overfull \hbox (20.0pt too wide) in paragraph at lines 64--64
[][][][]  
 []

File: image/logow.png Graphic file (type bmp)
<image/logow.png>

Overfull \hbox (20.39998pt too wide) in paragraph at lines 64--64
[][]  
 []


Overfull \hbox (179.14389pt too wide) detected at line 64
  [] [] [] [] [] [] [] [] [] 
 []


Overfull \hbox (20.0pt too wide) in paragraph at lines 64--64
[][]  
 []


Overfull \hbox (20.0pt too wide) in paragraph at lines 64--64
[][][][]  
 []

LaTeX Font Info:    Try loading font information for OT1+lmr on input line 65.
(D:\Latex\MikTex\tex\latex\lm\ot1lmr.fd
File: ot1lmr.fd 2009/10/30 v1.6 Font defs for Latin Modern
)
LaTeX Font Info:    Try loading font information for OML+lmm on input line 65.

(D:\Latex\MikTex\tex\latex\lm\omllmm.fd
File: omllmm.fd 2009/10/30 v1.6 Font defs for Latin Modern
)
LaTeX Font Info:    Try loading font information for OMS+lmsy on input line 65.


(D:\Latex\MikTex\tex\latex\lm\omslmsy.fd
File: omslmsy.fd 2009/10/30 v1.6 Font defs for Latin Modern
)
LaTeX Font Info:    Try loading font information for OMX+lmex on input line 65.


(D:\Latex\MikTex\tex\latex\lm\omxlmex.fd
File: omxlmex.fd 2009/10/30 v1.6 Font defs for Latin Modern
)
LaTeX Font Info:    External font `lmex10' loaded for size
(Font)              <10> on input line 65.
LaTeX Font Info:    External font `lmex10' loaded for size
(Font)              <7> on input line 65.
LaTeX Font Info:    External font `lmex10' loaded for size
(Font)              <5> on input line 65.
LaTeX Font Info:    Try loading font information for U+msa on input line 65.

(D:\Latex\MikTex\tex\latex\amsfonts\umsa.fd
File: umsa.fd 2013/01/14 v3.01 AMS symbols A
)
LaTeX Font Info:    Try loading font information for U+msb on input line 65.

(D:\Latex\MikTex\tex\latex\amsfonts\umsb.fd
File: umsb.fd 2013/01/14 v3.01 AMS symbols B
)
LaTeX Font Info:    Try loading font information for U+stmry on input line 65.

(D:\Latex\MikTex\tex\latex\stmaryrd\ustmry.fd)
LaTeX Font Info:    Try loading font information for U+wasy on input line 65.

(D:\Latex\MikTex\tex\latex\wasysym\uwasy.fd
File: uwasy.fd 2003/10/30 v2.0 Wasy-2 symbol font definitions
)
File: image/logow.png Graphic file (type bmp)
<image/logow.png>

Overfull \hbox (179.14389pt too wide) has occurred while \output is active
  [] [] [] [] [] [] [] [] [] 
 []

[1

]

Package multicol Warning: Using `1' columns doesn't seem a good idea.
 I therefore use two columns instead on input line 107.

(Myreport.toc)
File: image/logow.png Graphic file (type bmp)
<image/logow.png>

Overfull \hbox (179.14389pt too wide) has occurred while \output is active
  [] [] [] [] [] [] [] [] [] 
 []

[2

] (content/review.tex

Package multicol Warning: Using `1' columns doesn't seem a good idea.
 I therefore use two columns instead on input line 2.

(Myreport.toc)
File: image/logow.png Graphic file (type bmp)
<image/logow.png>

Overfull \hbox (179.14389pt too wide) has occurred while \output is active
  [] [] [] [] [] [] [] [] [] 
 []

[3

]
File: image/logow.png Graphic file (type bmp)
<image/logow.png>

Overfull \hbox (179.14389pt too wide) has occurred while \output is active
  [] [] [] [] [] [] [] [] [] 
 []

[4

]
File: image/dl.png Graphic file (type bmp)
<image/dl.png>

Overfull \hbox (20.0pt too wide) in paragraph at lines 31--31
[][]  
 []

File: image/logow.png Graphic file (type bmp)
<image/logow.png>

Overfull \hbox (179.14389pt too wide) has occurred while \output is active
  [] [] [] [] [] [] [] [] [] 
 []

[5

]
File: image/logow.png Graphic file (type bmp)
<image/logow.png>

Overfull \hbox (179.14389pt too wide) has occurred while \output is active
  [] [] [] [] [] [] [] [] [] 
 []

[6

]
File: image/d2.png Graphic file (type bmp)
<image/d2.png>

Overfull \hbox (20.0pt too wide) in paragraph at lines 61--61
[][]  
 []

File: image/logow.png Graphic file (type bmp)
<image/logow.png>

Overfull \hbox (179.14389pt too wide) has occurred while \output is active
  [] [] [] [] [] [] [] [] [] 
 []

[7

]) (content/transys.tex

Package multicol Warning: Using `1' columns doesn't seem a good idea.
 I therefore use two columns instead on input line 1.

(Myreport.toc)
File: image/logow.png Graphic file (type bmp)
<image/logow.png>

Overfull \hbox (179.14389pt too wide) has occurred while \output is active
  [] [] [] [] [] [] [] [] [] 
 []

[8

]
File: image/n1.png Graphic file (type bmp)
<image/n1.png>
File: image/logow.png Graphic file (type bmp)
<image/logow.png>

Overfull \hbox (179.14389pt too wide) has occurred while \output is active
  [] [] [] [] [] [] [] [] [] 
 []

[9

]
File: image/n2.png Graphic file (type bmp)
<image/n2.png>
File: image/logow.png Graphic file (type bmp)
<image/logow.png>

Overfull \hbox (179.14389pt too wide) has occurred while \output is active
  [] [] [] [] [] [] [] [] [] 
 []

[10

]) (content/theory.tex

Package multicol Warning: Using `1' columns doesn't seem a good idea.
 I therefore use two columns instead on input line 1.

(Myreport.toc)
File: image/logow.png Graphic file (type bmp)
<image/logow.png>

Overfull \hbox (179.14389pt too wide) has occurred while \output is active
  [] [] [] [] [] [] [] [] [] 
 []

[11

]
File: image/logow.png Graphic file (type bmp)
<image/logow.png>

Overfull \hbox (179.14389pt too wide) has occurred while \output is active
  [] [] [] [] [] [] [] [] [] 
 []

[12

]
LaTeX Font Info:    External font `lmex10' loaded for size
(Font)              <9> on input line 54.
LaTeX Font Info:    External font `lmex10' loaded for size
(Font)              <6> on input line 54.
File: image/logow.png Graphic file (type bmp)
<image/logow.png>

Overfull \hbox (179.14389pt too wide) has occurred while \output is active
  [] [] [] [] [] [] [] [] [] 
 []

[13

]
File: image/logow.png Graphic file (type bmp)
<image/logow.png>

Overfull \hbox (179.14389pt too wide) has occurred while \output is active
  [] [] [] [] [] [] [] [] [] 
 []

[14

]
File: image/logow.png Graphic file (type bmp)
<image/logow.png>

Overfull \hbox (179.14389pt too wide) has occurred while \output is active
  [] [] [] [] [] [] [] [] [] 
 []

[15

]
Overfull \vbox (7.34521pt too high) detected at line 128
 []

File: image/logow.png Graphic file (type bmp)
<image/logow.png>

Overfull \hbox (179.14389pt too wide) has occurred while \output is active
  [] [] [] [] [] [] [] [] [] 
 []

[16

]
File: image/logow.png Graphic file (type bmp)
<image/logow.png>

Overfull \hbox (179.14389pt too wide) has occurred while \output is active
  [] [] [] [] [] [] [] [] [] 
 []

[17

]
File: image/logow.png Graphic file (type bmp)
<image/logow.png>

Overfull \hbox (179.14389pt too wide) has occurred while \output is active
  [] [] [] [] [] [] [] [] [] 
 []

[18

]) (content/design.tex

Package multicol Warning: Using `1' columns doesn't seem a good idea.
 I therefore use two columns instead on input line 1.

(Myreport.toc)
File: image/logow.png Graphic file (type bmp)
<image/logow.png>

Overfull \hbox (179.14389pt too wide) has occurred while \output is active
  [] [] [] [] [] [] [] [] [] 
 []

[19

]
File: image/logow.png Graphic file (type bmp)
<image/logow.png>

Overfull \hbox (179.14389pt too wide) has occurred while \output is active
  [] [] [] [] [] [] [] [] [] 
 []

[20

]
Overfull \vbox (6.55702pt too high) detected at line 37
 []

File: image/logow.png Graphic file (type bmp)
<image/logow.png>

Overfull \hbox (179.14389pt too wide) has occurred while \output is active
  [] [] [] [] [] [] [] [] [] 
 []

[21

]
! Undefined control sequence.
<argument> ...\beta Eligible_{it}+f(z_{it})+\gama 
                                                  X_{it} +\lambda _p+\pi _t+...
l.48 \end{frame}
                
The control sequence at the end of the top line
of your error message was never \def'ed. If you have
misspelled it (e.g., `\hobx'), type `I' and the correct
spelling (e.g., `I\hbox'). Otherwise just continue,
and I'll forget about whatever was undefined.

! Undefined control sequence.
<argument> ...hat {Transfer_{it}}+f(z_{it})+\gama 
                                                  X_{it} +\lambda _p+\pi _t+...
l.48 \end{frame}
                
The control sequence at the end of the top line
of your error message was never \def'ed. If you have
misspelled it (e.g., `\hobx'), type `I' and the correct
spelling (e.g., `I\hbox'). Otherwise just continue,
and I'll forget about whatever was undefined.

! Undefined control sequence.
<argument> ...\beta Eligible_{it}+f(z_{it})+\gama 
                                                  X_{it} +\lambda _p+\pi _t+...
l.48 \end{frame}
                
The control sequence at the end of the top line
of your error message was never \def'ed. If you have
misspelled it (e.g., `\hobx'), type `I' and the correct
spelling (e.g., `I\hbox'). Otherwise just continue,
and I'll forget about whatever was undefined.

! Undefined control sequence.
<argument> ...hat {Transfer_{it}}+f(z_{it})+\gama 
                                                  X_{it} +\lambda _p+\pi _t+...
l.48 \end{frame}
                
The control sequence at the end of the top line
of your error message was never \def'ed. If you have
misspelled it (e.g., `\hobx'), type `I' and the correct
spelling (e.g., `I\hbox'). Otherwise just continue,
and I'll forget about whatever was undefined.

File: image/logow.png Graphic file (type bmp)
<image/logow.png>

Overfull \hbox (179.14389pt too wide) has occurred while \output is active
  [] [] [] [] [] [] [] [] [] 
 []

[22

]) (content/result.tex

Package multicol Warning: Using `1' columns doesn't seem a good idea.
 I therefore use two columns instead on input line 1.

(Myreport.toc)
File: image/logow.png Graphic file (type bmp)
<image/logow.png>

Overfull \hbox (179.14389pt too wide) has occurred while \output is active
  [] [] [] [] [] [] [] [] [] 
 []

[23

]
File: image/t3.png Graphic file (type bmp)
<image/t3.png>
File: image/logow.png Graphic file (type bmp)
<image/logow.png>

Overfull \hbox (179.14389pt too wide) has occurred while \output is active
  [] [] [] [] [] [] [] [] [] 
 []

[24

]
File: image/t4-5.png Graphic file (type bmp)
<image/t4-5.png>
File: image/logow.png Graphic file (type bmp)
<image/logow.png>

Overfull \hbox (179.14389pt too wide) has occurred while \output is active
  [] [] [] [] [] [] [] [] [] 
 []

[25

]
File: image/b1.png Graphic file (type bmp)
<image/b1.png>
File: image/logow.png Graphic file (type bmp)
<image/logow.png>

Overfull \hbox (179.14389pt too wide) has occurred while \output is active
  [] [] [] [] [] [] [] [] [] 
 []

[26

]
File: image/b2.png Graphic file (type bmp)
<image/b2.png>
File: image/b21.png Graphic file (type bmp)
<image/b21.png>
File: image/logow.png Graphic file (type bmp)
<image/logow.png>

Overfull \hbox (179.14389pt too wide) has occurred while \output is active
  [] [] [] [] [] [] [] [] [] 
 []

[27

]
File: image/b3.png Graphic file (type bmp)
<image/b3.png>
File: image/logow.png Graphic file (type bmp)
<image/logow.png>

Overfull \hbox (179.14389pt too wide) has occurred while \output is active
  [] [] [] [] [] [] [] [] [] 
 []

[28

]
File: image/b4.png Graphic file (type bmp)
<image/b4.png>
File: image/logow.png Graphic file (type bmp)
<image/logow.png>

Overfull \hbox (179.14389pt too wide) has occurred while \output is active
  [] [] [] [] [] [] [] [] [] 
 []

[29

]) (content/conclution.tex

Package multicol Warning: Using `1' columns doesn't seem a good idea.
 I therefore use two columns instead on input line 1.

(Myreport.toc)
File: image/logow.png Graphic file (type bmp)
<image/logow.png>

Overfull \hbox (179.14389pt too wide) has occurred while \output is active
  [] [] [] [] [] [] [] [] [] 
 []

[30

]
File: image/logow.png Graphic file (type bmp)
<image/logow.png>

Overfull \hbox (179.14389pt too wide) has occurred while \output is active
  [] [] [] [] [] [] [] [] [] 
 []

[31

])
File: image/logow.png Graphic file (type bmp)
<image/logow.png>

Overfull \hbox (179.14389pt too wide) has occurred while \output is active
  [] [] [] [] [] [] [] [] [] 
 []

[32

]
\tf@nav=\write6
\openout6 = `Myreport.nav'.

\tf@toc=\write7
\openout7 = `Myreport.toc'.

\tf@snm=\write8
\openout8 = `Myreport.snm'.

Package atveryend Info: Empty hook `BeforeClearDocument' on input line 154.
Package atveryend Info: Empty hook `AfterLastShipout' on input line 154.
 (Myreport.aux)
Package atveryend Info: Empty hook `AtVeryEndDocument' on input line 154.
Package atveryend Info: Executing hook `AtEndAfterFileList' on input line 154.
Package rerunfilecheck Info: File `Myreport.out' has not changed.
(rerunfilecheck)             Checksum: 445C582D3432FE8E36A6B30385FC7E5D.
 ) 
Here is how much of TeX's memory you used:
 44704 strings out of 427796
 923011 string characters out of 3154037
 1059250 words of memory out of 3000000
 47809 multiletter control sequences out of 15000+200000
 555789 words of font info for 90 fonts, out of 3000000 for 9000
 1331 hyphenation exceptions out of 8191
 64i,20n,85p,777b,937s stack positions out of 5000i,500n,10000p,200000b,50000s

Output written on Myreport.pdf (32 pages).
