This is XeTeX, Version 3.14159265-2.6-0.99999 (MiKTeX 2.9.6840 64-bit) (preloaded format=xelatex 2018.11.1)  14 NOV 2018 22:38
entering extended mode
**./theory.tex
(theory.tex
LaTeX2e <2018-04-01> patch level 5
! Undefined control sequence.
l.1 \section
            {理论分析}
The control sequence at the end of the top line
of your error message was never \def'ed. If you have
misspelled it (e.g., `\hobx'), type `I' and the correct
spelling (e.g., `I\hbox'). Otherwise just continue,
and I'll forget about whatever was undefined.


! LaTeX Error: Missing \begin{document}.

See the LaTeX manual or LaTeX Companion for explanation.
Type  H <return>  for immediate help.
 ...                                              
                                                  
l.1 \section{理
              论分析}
You're in trouble here.  Try typing  <return>  to proceed.
If that doesn't work, type  X <return>  to quit.

Missing character: There is no 理 in font nullfont!
Missing character: There is no 论 in font nullfont!
Missing character: There is no 分 in font nullfont!
Missing character: There is no 析 in font nullfont!

Overfull \hbox (20.0pt too wide) in paragraph at lines 1--3
[] 
 []


! LaTeX Error: Missing \begin{document}.

See the LaTeX manual or LaTeX Companion for explanation.
Type  H <return>  for immediate help.
 ...                                              
                                                  
l.4 \begin{frame}[
                  t]
You're in trouble here.  Try typing  <return>  to proceed.
If that doesn't work, type  X <return>  to quit.

Missing character: There is no [ in font nullfont!
Missing character: There is no t in font nullfont!
Missing character: There is no ] in font nullfont!
! Undefined control sequence.
l.5 \frametitle
               {理论分析}
The control sequence at the end of the top line
of your error message was never \def'ed. If you have
misspelled it (e.g., `\hobx'), type `I' and the correct
spelling (e.g., `I\hbox'). Otherwise just continue,
and I'll forget about whatever was undefined.

Missing character: There is no 理 in font nullfont!
Missing character: There is no 论 in font nullfont!
Missing character: There is no 分 in font nullfont!
Missing character: There is no 析 in font nullfont!
! Undefined control sequence.
l.6 \framesubtitle
                  {理论机制分析}
The control sequence at the end of the top line
of your error message was never \def'ed. If you have
misspelled it (e.g., `\hobx'), type `I' and the correct
spelling (e.g., `I\hbox'). Otherwise just continue,
and I'll forget about whatever was undefined.

Missing character: There is no 理 in font nullfont!
Missing character: There is no 论 in font nullfont!
Missing character: There is no 机 in font nullfont!
Missing character: There is no 制 in font nullfont!
Missing character: There is no 分 in font nullfont!
Missing character: There is no 析 in font nullfont!

Overfull \hbox (20.0pt too wide) in paragraph at lines 4--7
[][]
 []


! LaTeX Error: Missing \begin{document}.

See the LaTeX manual or LaTeX Companion for explanation.
Type  H <return>  for immediate help.
 ...                                              
                                                  
l.8 对
     于贫困地区而言，获得转移支付资金增加对地区经济增长的影响渠道，有直
You're in trouble here.  Try typing  <return>  to proceed.
If that doesn't work, type  X <return>  to quit.

Missing character: There is no 对 in font nullfont!
Missing character: There is no 于 in font nullfont!
Missing character: There is no 贫 in font nullfont!
Missing character: There is no 困 in font nullfont!
Missing character: There is no 地 in font nullfont!
Missing character: There is no 区 in font nullfont!
Missing character: There is no 而 in font nullfont!
Missing character: There is no 言 in font nullfont!
Missing character: There is no ， in font nullfont!
Missing character: There is no 获 in font nullfont!
Missing character: There is no 得 in font nullfont!
Missing character: There is no 转 in font nullfont!
Missing character: There is no 移 in font nullfont!
Missing character: There is no 支 in font nullfont!
Missing character: There is no 付 in font nullfont!
Missing character: There is no 资 in font nullfont!
Missing character: There is no 金 in font nullfont!
Missing character: There is no 增 in font nullfont!
Missing character: There is no 加 in font nullfont!
Missing character: There is no 对 in font nullfont!
Missing character: There is no 地 in font nullfont!
Missing character: There is no 区 in font nullfont!
Missing character: There is no 经 in font nullfont!
Missing character: There is no 济 in font nullfont!
Missing character: There is no 增 in font nullfont!
Missing character: There is no 长 in font nullfont!
Missing character: There is no 的 in font nullfont!
Missing character: There is no 影 in font nullfont!
Missing character: There is no 响 in font nullfont!
Missing character: There is no 渠 in font nullfont!
Missing character: There is no 道 in font nullfont!
Missing character: There is no ， in font nullfont!
Missing character: There is no 有 in font nullfont!
Missing character: There is no 直 in font nullfont!
Missing character: There is no 接 in font nullfont!
Missing character: There is no 效 in font nullfont!
Missing character: There is no 果 in font nullfont!
Missing character: There is no 和 in font nullfont!
Missing character: There is no 间 in font nullfont!
Missing character: There is no 接 in font nullfont!
Missing character: There is no 效 in font nullfont!
Missing character: There is no 果 in font nullfont!
Missing character: There is no 两 in font nullfont!
Missing character: There is no 个 in font nullfont!
Missing character: There is no 方 in font nullfont!
Missing character: There is no 面 in font nullfont!

Overfull \hbox (20.0pt too wide) in paragraph at lines 8--10
[] 
 []

Missing character: There is no 直 in font nullfont!
Missing character: There is no 接 in font nullfont!
Missing character: There is no 效 in font nullfont!
Missing character: There is no 果 in font nullfont!
Missing character: There is no : in font nullfont!
Missing character: There is no 如 in font nullfont!
Missing character: There is no 何 in font nullfont!
Missing character: There is no 支 in font nullfont!
Missing character: There is no 出 in font nullfont!
Missing character: There is no 转 in font nullfont!
Missing character: There is no 移 in font nullfont!
Missing character: There is no 支 in font nullfont!
Missing character: There is no 付 in font nullfont!
Missing character: There is no （ in font nullfont!
Missing character: There is no 激 in font nullfont!
Missing character: There is no 励 in font nullfont!
Missing character: There is no 所 in font nullfont!
Missing character: There is no 决 in font nullfont!
Missing character: There is no 定 in font nullfont!
Missing character: There is no ） in font nullfont!
Missing character: There is no 官 in font nullfont!
Missing character: There is no 员 in font nullfont!
Missing character: There is no 自 in font nullfont!
Missing character: There is no 身 in font nullfont!
Missing character: There is no 消 in font nullfont!
Missing character: There is no 耗 in font nullfont!
Missing character: There is no 公 in font nullfont!
Missing character: There is no 共 in font nullfont!
Missing character: There is no 物 in font nullfont!
Missing character: There is no 品 in font nullfont!
Missing character: There is no 间 in font nullfont!
Missing character: There is no 接 in font nullfont!
Missing character: There is no 效 in font nullfont!
Missing character: There is no 果 in font nullfont!
Missing character: There is no 无 in font nullfont!
Missing character: There is no 激 in font nullfont!
Missing character: There is no 励 in font nullfont!
Missing character: There is no ， in font nullfont!
Missing character: There is no 低 in font nullfont!
Missing character: There is no 效 in font nullfont!
Missing character: There is no 率 in font nullfont!
Missing character: There is no 使 in font nullfont!
Missing character: There is no 用 in font nullfont!
Missing character: There is no G in font nullfont!
Missing character: There is no D in font nullfont!
Missing character: There is no P in font nullfont!

! LaTeX Error: Command \textuparrow unavailable in encoding .

See the LaTeX manual or LaTeX Companion for explanation.
Type  H <return>  for immediate help.
 ...                                              
                                                  
l.19 ^^I^^I^^I\item GDP \textuparrow
                                     ，所获转移支付 \textdownarrow ，负向
Your command was ignored.
Type  I <command> <return>  to replace it with another command,
or  <return>  to continue without it.

Missing character: There is no ， in font nullfont!
Missing character: There is no 所 in font nullfont!
Missing character: There is no 获 in font nullfont!
Missing character: There is no 转 in font nullfont!
Missing character: There is no 移 in font nullfont!
Missing character: There is no 支 in font nullfont!
Missing character: There is no 付 in font nullfont!

! LaTeX Error: Command \textdownarrow unavailable in encoding .

See the LaTeX manual or LaTeX Companion for explanation.
Type  H <return>  for immediate help.
 ...                                              
                                                  
l.19 ...em GDP \textuparrow ，所获转移支付 \textdownarrow
                                                   ，负向
Your command was ignored.
Type  I <command> <return>  to replace it with another command,
or  <return>  to continue without it.

Missing character: There is no ， in font nullfont!
Missing character: There is no 负 in font nullfont!
Missing character: There is no 向 in font nullfont!
Missing character: There is no [ in font nullfont!
Missing character: There is no t in font nullfont!
Missing character: There is no ] in font nullfont!
! Undefined control sequence.
l.34 ^^I\frametitle
                   {理论分析}
The control sequence at the end of the top line
of your error message was never \def'ed. If you have
misspelled it (e.g., `\hobx'), type `I' and the correct
spelling (e.g., `I\hbox'). Otherwise just continue,
and I'll forget about whatever was undefined.

Missing character: There is no 理 in font nullfont!
Missing character: There is no 论 in font nullfont!
Missing character: There is no 分 in font nullfont!
Missing character: There is no 析 in font nullfont!
! Undefined control sequence.
l.35 ^^I\framesubtitle
                      {理论模型分析}
The control sequence at the end of the top line
of your error message was never \def'ed. If you have
misspelled it (e.g., `\hobx'), type `I' and the correct
spelling (e.g., `I\hbox'). Otherwise just continue,
and I'll forget about whatever was undefined.

Missing character: There is no 理 in font nullfont!
Missing character: There is no 论 in font nullfont!
Missing character: There is no 模 in font nullfont!
Missing character: There is no 型 in font nullfont!
Missing character: There is no 分 in font nullfont!
Missing character: There is no 析 in font nullfont!
Missing character: There is no 考 in font nullfont!
Missing character: There is no 虑 in font nullfont!
Missing character: There is no 地 in font nullfont!
Missing character: There is no 方 in font nullfont!
Missing character: There is no 政 in font nullfont!
Missing character: There is no 府 in font nullfont!
Missing character: There is no 竞 in font nullfont!
Missing character: There is no 争 in font nullfont!
Missing character: There is no 模 in font nullfont!
Missing character: There is no 型 in font nullfont!
Missing character: There is no 。 in font nullfont!
LaTeX Font Info:    External font `cmex10' loaded for size
(Font)              <7> on input line 36.
LaTeX Font Info:    External font `cmex10' loaded for size
(Font)              <5> on input line 36.
Missing character: There is no 个 in font nullfont!
Missing character: There is no 地 in font nullfont!
Missing character: There is no 方 in font nullfont!
Missing character: There is no 政 in font nullfont!
Missing character: There is no 府 in font nullfont!
Missing character: There is no ， in font nullfont!
Missing character: There is no 单 in font nullfont!
Missing character: There is no 位 in font nullfont!
Missing character: There is no 私 in font nullfont!
Missing character: There is no 人 in font nullfont!
Missing character: There is no 资 in font nullfont!
Missing character: There is no 本 in font nullfont!
Missing character: There is no ， in font nullfont!
Missing character: There is no 私 in font nullfont!
Missing character: There is no 人 in font nullfont!
Missing character: There is no 资 in font nullfont!
Missing character: There is no 本 in font nullfont!
Missing character: There is no 可 in font nullfont!
Missing character: There is no 以 in font nullfont!
Missing character: There is no 自 in font nullfont!
Missing character: There is no 由 in font nullfont!
Missing character: There is no 跨 in font nullfont!
Missing character: There is no 区 in font nullfont!
Missing character: There is no 流 in font nullfont!
Missing character: There is no 动 in font nullfont!
Missing character: There is no ， in font nullfont!
Missing character: There is no 企 in font nullfont!
Missing character: There is no 业 in font nullfont!
Missing character: There is no 由 in font nullfont!
Missing character: There is no 私 in font nullfont!
Missing character: There is no 人 in font nullfont!
Missing character: There is no 投 in font nullfont!
Missing character: There is no 资 in font nullfont!
Missing character: There is no ， in font nullfont!
Missing character: There is no 采 in font nullfont!
Missing character: There is no 用 in font nullfont!
Missing character: There is no 生 in font nullfont!
Missing character: There is no 产 in font nullfont!
Missing character: There is no 函 in font nullfont!
Missing character: There is no 数 in font nullfont!
Missing character: There is no 。 in font nullfont!

! LaTeX Error: Environment align undefined.

See the LaTeX manual or LaTeX Companion for explanation.
Type  H <return>  for immediate help.
 ...                                              
                                                  
l.38 ^^I\begin{align}
                     
Your command was ignored.
Type  I <command> <return>  to replace it with another command,
or  <return>  to continue without it.

Missing character: There is no F in font nullfont!
! Missing $ inserted.
<inserted text> 
                $
l.39 ^^IF_
          i=A_ik_i^\alpha P_i^\beta
I've inserted a begin-math/end-math symbol since I think
you left one out. Proceed, with fingers crossed.


! LaTeX Error: \begin{frame} on input line 33 ended by \end{align}.

See the LaTeX manual or LaTeX Companion for explanation.
Type  H <return>  for immediate help.
 ...                                              
                                                  
l.40 ^^I\end{align}
                   
Your command was ignored.
Type  I <command> <return>  to replace it with another command,
or  <return>  to continue without it.

! Missing $ inserted.
<inserted text> 
                $
l.40 ^^I\end{align}
                   
I've inserted something that you may have forgotten.
(See the <inserted text> above.)
With luck, this will get me unwedged. But if you
really didn't forget anything, try typing `2' now; then
my insertion and my current dilemma will both disappear.

Missing character: There is no 地 in font nullfont!
Missing character: There is no 方 in font nullfont!
Missing character: There is no 政 in font nullfont!
Missing character: There is no 府 in font nullfont!
Missing character: There is no ： in font nullfont!

! LaTeX Error: Environment align undefined.

See the LaTeX manual or LaTeX Companion for explanation.
Type  H <return>  for immediate help.
 ...                                              
                                                  
l.42 ^^I\begin{align}
                     
Your command was ignored.
Type  I <command> <return>  to replace it with another command,
or  <return>  to continue without it.

! Undefined control sequence.
l.43 ^^I\text
             {效用函数:} U_i = F_i+\lambda _i ln(c_i)\\
The control sequence at the end of the top line
of your error message was never \def'ed. If you have
misspelled it (e.g., `\hobx'), type `I' and the correct
spelling (e.g., `I\hbox'). Otherwise just continue,
and I'll forget about whatever was undefined.

Missing character: There is no 效 in font nullfont!
Missing character: There is no 用 in font nullfont!
Missing character: There is no 函 in font nullfont!
Missing character: There is no 数 in font nullfont!
Missing character: There is no : in font nullfont!
Missing character: There is no U in font nullfont!
! Missing $ inserted.
<inserted text> 
                $
l.43 ^^I\text{效用函数:} U_
                       i = F_i+\lambda _i ln(c_i)\\
I've inserted a begin-math/end-math symbol since I think
you left one out. Proceed, with fingers crossed.

! Undefined control sequence.
<recently read> \text 
                      
l.44 ^^I\text
             {预算约束:} P_i+c_i = S_i+tF_i
The control sequence at the end of the top line
of your error message was never \def'ed. If you have
misspelled it (e.g., `\hobx'), type `I' and the correct
spelling (e.g., `I\hbox'). Otherwise just continue,
and I'll forget about whatever was undefined.


! LaTeX Error: \begin{frame} on input line 33 ended by \end{align}.

See the LaTeX manual or LaTeX Companion for explanation.
Type  H <return>  for immediate help.
 ...                                              
                                                  
l.45 ^^I\end{align}
                   
Your command was ignored.
Type  I <command> <return>  to replace it with another command,
or  <return>  to continue without it.

! Missing $ inserted.
<inserted text> 
                $
l.45 ^^I\end{align}
                   
I've inserted something that you may have forgotten.
(See the <inserted text> above.)
With luck, this will get me unwedged. But if you
really didn't forget anything, try typing `2' now; then
my insertion and my current dilemma will both disappear.

Missing character: There is no 预 in font cmr10!
Missing character: There is no 算 in font cmr10!
Missing character: There is no 约 in font cmr10!
Missing character: There is no 束 in font cmr10!

Overfull \hbox (20.0pt too wide) in paragraph at lines 33--46
[][]
 []


Overfull \hbox (18.3333pt too wide) in paragraph at lines 33--46
\OML/cmm/m/it/10 N$$K$
 []


Overfull \hbox (15.64029pt too wide) in paragraph at lines 33--46
\OML/cmm/m/it/10 C \OMS/cmsy/m/n/10 ^^@
 []


Overfull \hbox (8.55695pt too wide) in paragraph at lines 33--46
\OML/cmm/m/it/10 D$
 []


Overfull \hbox (13.8848pt too wide) in paragraph at lines 33--46
[] \OT1/cmr/m/n/10 =
 []


Overfull \hbox (35.25208pt too wide) in paragraph at lines 33--46
\OML/cmm/m/it/10 A[]k[]P[]$
 []


Overfull \hbox (13.8848pt too wide) in paragraph at lines 33--46
[] \OT1/cmr/m/n/10 =
 []


Overfull \hbox (17.53764pt too wide) in paragraph at lines 33--46
\OML/cmm/m/it/10 F[] \OT1/cmr/m/n/10 +
 []


Overfull \hbox (33.78021pt too wide) in paragraph at lines 33--46
\OML/cmm/m/it/10 ^^U[]ln\OT1/cmr/m/n/10 (\OML/cmm/m/it/10 c[]\OT1/cmr/m/n/10 )[
] 
 []


Overfull \hbox (23.08272pt too wide) in paragraph at lines 33--46
[]\OML/cmm/m/it/10 P[] \OT1/cmr/m/n/10 +
 []


Overfull \hbox (18.21236pt too wide) in paragraph at lines 33--46
\OML/cmm/m/it/10 c[] \OT1/cmr/m/n/10 =
 []


Overfull \hbox (17.23903pt too wide) in paragraph at lines 33--46
\OML/cmm/m/it/10 S[] \OT1/cmr/m/n/10 +
 []


Overfull \hbox (13.37096pt too wide) in paragraph at lines 33--46
\OML/cmm/m/it/10 tF[]$ 
 []

)
! Emergency stop.
<*> ./theory.tex
                
*** (job aborted, no legal \end found)

 
Here is how much of TeX's memory you used:
 18 strings out of 427796
 180 string characters out of 3154037
 64169 words of memory out of 3000000
 4115 multiletter control sequences out of 15000+200000
 3640 words of font info for 14 fonts, out of 3000000 for 9000
 1328 hyphenation exceptions out of 8191
 18i,3n,12p,95b,116s stack positions out of 5000i,500n,10000p,200000b,50000s
No pages of output.
